#
# There is insufficient memory for the Java Runtime Environment to continue.
# Native memory allocation (malloc) failed to allocate 1099376 bytes. Error detail: Chunk::new
# Possible reasons:
#   The system is out of physical RAM or swap space
#   This process is running with CompressedOops enabled, and the Java Heap may be blocking the growth of the native heap
# Possible solutions:
#   Reduce memory load on the system
#   Increase physical memory or swap space
#   Check if swap backing store is full
#   Decrease Java heap size (-Xmx/-Xms)
#   Decrease number of Java threads
#   Decrease Java thread stack sizes (-Xss)
#   Set larger code cache with -XX:ReservedCodeCacheSize=
#   JVM is running with Unscaled Compressed Oops mode in which the Java heap is
#     placed in the first 4GB address space. The Java Heap base address is the
#     maximum limit for the native heap growth. Please use -XX:HeapBaseMinAddress
#     to set the Java Heap base and to place the Java Heap above 4GB virtual address.
# This output file may be truncated or incomplete.
#
#  Out of Memory Error (arena.cpp:191), pid=23040, tid=15680
#
# JRE version: OpenJDK Runtime Environment Temurin-17.0.13+11 (17.0.13+11) (build 17.0.13+11)
# Java VM: OpenJDK 64-Bit Server VM Temurin-17.0.13+11 (17.0.13+11, mixed mode, tiered, compressed oops, compressed class ptrs, parallel gc, windows-amd64)
# No core dump will be written. Minidumps are not enabled by default on client versions of Windows
#

---------------  S U M M A R Y ------------

Command Line: --add-modules=ALL-SYSTEM --add-opens=java.base/java.util=ALL-UNNAMED --add-opens=java.base/java.lang=ALL-UNNAMED --add-opens=java.base/sun.nio.fs=ALL-UNNAMED -Declipse.application=org.eclipse.jdt.ls.core.id1 -Dosgi.bundles.defaultStartLevel=4 -Declipse.product=org.eclipse.jdt.ls.core.product -Djava.import.generatesMetadataFilesAtProjectRoot=false -DDetectVMInstallationsJob.disabled=true -Dfile.encoding=utf8 -XX:+UseParallelGC -XX:GCTimeRatio=4 -XX:AdaptiveSizePolicyWeight=90 -Dsun.zip.disableMemoryMapping=true -Xmx1G -Xms100m -Xlog:disable -javaagent:c:\Users\Asus\.vscode\extensions\redhat.java-1.37.0-win32-x64\lombok\lombok-1.18.34.jar -XX:+HeapDumpOnOutOfMemoryError -XX:HeapDumpPath=c:\Users\Asus\AppData\Roaming\Code\User\workspaceStorage\cc4971f69765495d5069a7ee02c1ab4a\redhat.java -Daether.dependencyCollector.impl=bf c:\Users\Asus\.vscode\extensions\redhat.java-1.37.0-win32-x64\server\plugins\org.eclipse.equinox.launcher_1.6.900.v20240613-2009.jar -configuration c:\Users\Asus\AppData\Roaming\Code\User\globalStorage\redhat.java\1.37.0\config_win -data c:\Users\Asus\AppData\Roaming\Code\User\workspaceStorage\cc4971f69765495d5069a7ee02c1ab4a\redhat.java\jdt_ws --pipe=\\.\pipe\lsp-b0987e64940930e61ba2fb708e4e00bb-sock

Host: 11th Gen Intel(R) Core(TM) i5-1135G7 @ 2.40GHz, 8 cores, 7G,  Windows 11 , 64 bit Build 26100 (10.0.26100.2454)
Time: Wed Dec 11 21:31:35 2024 India Standard Time elapsed time: 6.043078 seconds (0d 0h 0m 6s)

---------------  T H R E A D  ---------------

Current thread (0x0000025a4cad2090):  JavaThread "C2 CompilerThread1" daemon [_thread_in_native, id=15680, stack(0x000000d64be00000,0x000000d64bf00000)]


Current CompileTask:
C2:   6043 4113       4       org.eclipse.osgi.internal.loader.BundleLoader::addExportedProvidersFor (167 bytes)

Stack: [0x000000d64be00000,0x000000d64bf00000]
Native frames: (J=compiled Java code, j=interpreted, Vv=VM code, C=native code)
V  [jvm.dll+0x682a19]
V  [jvm.dll+0x839538]
V  [jvm.dll+0x83afe3]
V  [jvm.dll+0x83b653]
V  [jvm.dll+0x24704f]
V  [jvm.dll+0xace34]
V  [jvm.dll+0xad4cc]
V  [jvm.dll+0x2ac84f]
V  [jvm.dll+0x588a79]
V  [jvm.dll+0x220ea2]
V  [jvm.dll+0x22129f]
V  [jvm.dll+0x21a2b0]
V  [jvm.dll+0x21738b]
V  [jvm.dll+0x1a3070]
V  [jvm.dll+0x22788c]
V  [jvm.dll+0x2259eb]
V  [jvm.dll+0x7eec98]
V  [jvm.dll+0x7e8ffc]
V  [jvm.dll+0x6818f7]
C  [ucrtbase.dll+0x14ea0]
C  [KERNEL32.DLL+0x2e8d7]
C  [ntdll.dll+0xdfbcc]


---------------  P R O C E S S  ---------------

Threads class SMR info:
_java_thread_list=0x0000025a4ca6ab30, length=39, elements={
0x0000025a30eee4a0, 0x0000025a45524010, 0x0000025a45525af0, 0x0000025a4552e410,
0x0000025a4a5a4d60, 0x0000025a4a5c1cb0, 0x0000025a4a5c41a0, 0x0000025a4a5c66d0,
0x0000025a4a5c7760, 0x0000025a4a5da760, 0x0000025a4a658820, 0x0000025a4a9381e0,
0x0000025a4c11de00, 0x0000025a4bea45f0, 0x0000025a4c1bbe90, 0x0000025a4c2c49a0,
0x0000025a4c747f00, 0x0000025a4c15dff0, 0x0000025a4c15c190, 0x0000025a4c15cbb0,
0x0000025a4c15b260, 0x0000025a4c15d0c0, 0x0000025a4c15b770, 0x0000025a4cad2090,
0x0000025a4cfc9590, 0x0000025a4c15e500, 0x0000025a4c15d5d0, 0x0000025a4c15dae0,
0x0000025a4d8cb7c0, 0x0000025a4d8cea60, 0x0000025a4d8cdb30, 0x0000025a4d8ccc00,
0x0000025a4d8cc6f0, 0x0000025a4d8ce040, 0x0000025a4d8ce550, 0x0000025a4d8cef70,
0x0000025a4d8cf480, 0x0000025a4d8cbcd0, 0x0000025a4d8cf990
}

Java Threads: ( => current thread )
  0x0000025a30eee4a0 JavaThread "main" [_thread_in_Java, id=23980, stack(0x000000d649d00000,0x000000d649e00000)]
  0x0000025a45524010 JavaThread "Reference Handler" daemon [_thread_blocked, id=20476, stack(0x000000d64a000000,0x000000d64a100000)]
  0x0000025a45525af0 JavaThread "Finalizer" daemon [_thread_blocked, id=7724, stack(0x000000d64a100000,0x000000d64a200000)]
  0x0000025a4552e410 JavaThread "Signal Dispatcher" daemon [_thread_blocked, id=18076, stack(0x000000d64a200000,0x000000d64a300000)]
  0x0000025a4a5a4d60 JavaThread "Attach Listener" daemon [_thread_blocked, id=11940, stack(0x000000d64a300000,0x000000d64a400000)]
  0x0000025a4a5c1cb0 JavaThread "Service Thread" daemon [_thread_blocked, id=23336, stack(0x000000d64a400000,0x000000d64a500000)]
  0x0000025a4a5c41a0 JavaThread "Monitor Deflation Thread" daemon [_thread_blocked, id=3340, stack(0x000000d64a500000,0x000000d64a600000)]
  0x0000025a4a5c66d0 JavaThread "C2 CompilerThread0" daemon [_thread_in_native, id=24432, stack(0x000000d64a600000,0x000000d64a700000)]
  0x0000025a4a5c7760 JavaThread "C1 CompilerThread0" daemon [_thread_in_native, id=8888, stack(0x000000d64a700000,0x000000d64a800000)]
  0x0000025a4a5da760 JavaThread "Sweeper thread" daemon [_thread_blocked, id=26272, stack(0x000000d64a800000,0x000000d64a900000)]
  0x0000025a4a658820 JavaThread "Common-Cleaner" daemon [_thread_blocked, id=2464, stack(0x000000d64a900000,0x000000d64aa00000)]
  0x0000025a4a9381e0 JavaThread "Notification Thread" daemon [_thread_blocked, id=26324, stack(0x000000d64ab00000,0x000000d64ac00000)]
  0x0000025a4c11de00 JavaThread "Active Thread: Equinox Container: 468c7778-d5f2-442c-bffd-06bcdd179448" [_thread_blocked, id=18168, stack(0x000000d64ad00000,0x000000d64ae00000)]
  0x0000025a4bea45f0 JavaThread "Refresh Thread: Equinox Container: 468c7778-d5f2-442c-bffd-06bcdd179448" daemon [_thread_blocked, id=14388, stack(0x000000d64b400000,0x000000d64b500000)]
  0x0000025a4c1bbe90 JavaThread "Framework Event Dispatcher: Equinox Container: 468c7778-d5f2-442c-bffd-06bcdd179448" daemon [_thread_blocked, id=15916, stack(0x000000d64b500000,0x000000d64b600000)]
  0x0000025a4c2c49a0 JavaThread "Start Level: Equinox Container: 468c7778-d5f2-442c-bffd-06bcdd179448" daemon [_thread_blocked, id=16168, stack(0x000000d64b600000,0x000000d64b700000)]
  0x0000025a4c747f00 JavaThread "Bundle File Closer" daemon [_thread_blocked, id=8212, stack(0x000000d64aa00000,0x000000d64ab00000)]
  0x0000025a4c15dff0 JavaThread "SCR Component Actor" daemon [_thread_blocked, id=25612, stack(0x000000d64b800000,0x000000d64b900000)]
  0x0000025a4c15c190 JavaThread "SCR Component Registry" daemon [_thread_blocked, id=16128, stack(0x000000d64b900000,0x000000d64ba00000)]
  0x0000025a4c15cbb0 JavaThread "Worker-JM" [_thread_blocked, id=24020, stack(0x000000d64bb00000,0x000000d64bc00000)]
  0x0000025a4c15b260 JavaThread "JNA Cleaner" daemon [_thread_blocked, id=3348, stack(0x000000d64ba00000,0x000000d64bb00000)]
  0x0000025a4c15d0c0 JavaThread "Worker-0: Repository registry initialization" [_thread_in_vm, id=14448, stack(0x000000d64bc00000,0x000000d64bd00000)]
  0x0000025a4c15b770 JavaThread "Worker-1: Updating Maven Dependencies" [_thread_blocked, id=11108, stack(0x000000d64bd00000,0x000000d64be00000)]
=>0x0000025a4cad2090 JavaThread "C2 CompilerThread1" daemon [_thread_in_native, id=15680, stack(0x000000d64be00000,0x000000d64bf00000)]
  0x0000025a4cfc9590 JavaThread "C2 CompilerThread2" daemon [_thread_in_native, id=20652, stack(0x000000d64bf00000,0x000000d64c000000)]
  0x0000025a4c15e500 JavaThread "Java indexing" daemon [_thread_blocked, id=20284, stack(0x000000d64c000000,0x000000d64c100000)]
  0x0000025a4c15d5d0 JavaThread "Worker-2: Initialize After Load" [_thread_in_Java, id=19740, stack(0x000000d64c100000,0x000000d64c200000)]
  0x0000025a4c15dae0 JavaThread "Worker-3: Java indexing... " [_thread_blocked, id=9040, stack(0x000000d64c400000,0x000000d64c500000)]
  0x0000025a4d8cb7c0 JavaThread "Worker-4" [_thread_blocked, id=16316, stack(0x000000d64c500000,0x000000d64c600000)]
  0x0000025a4d8cea60 JavaThread "Thread-2" daemon [_thread_in_native, id=2880, stack(0x000000d64c600000,0x000000d64c700000)]
  0x0000025a4d8cdb30 JavaThread "Thread-3" daemon [_thread_in_native, id=15952, stack(0x000000d64c700000,0x000000d64c800000)]
  0x0000025a4d8ccc00 JavaThread "Thread-4" daemon [_thread_in_native, id=11392, stack(0x000000d64c800000,0x000000d64c900000)]
  0x0000025a4d8cc6f0 JavaThread "Thread-5" daemon [_thread_in_native, id=21448, stack(0x000000d64c900000,0x000000d64ca00000)]
  0x0000025a4d8ce040 JavaThread "Thread-6" daemon [_thread_in_native, id=17468, stack(0x000000d64ca00000,0x000000d64cb00000)]
  0x0000025a4d8ce550 JavaThread "Thread-7" daemon [_thread_in_native, id=25520, stack(0x000000d64cb00000,0x000000d64cc00000)]
  0x0000025a4d8cef70 JavaThread "Thread-8" daemon [_thread_in_native, id=11892, stack(0x000000d64cc00000,0x000000d64cd00000)]
  0x0000025a4d8cf480 JavaThread "Thread-9" daemon [_thread_in_native, id=22064, stack(0x000000d64cd00000,0x000000d64ce00000)]
  0x0000025a4d8cbcd0 JavaThread "Thread-10" daemon [_thread_in_native, id=4452, stack(0x000000d64ce00000,0x000000d64cf00000)]
  0x0000025a4d8cf990 JavaThread "pool-2-thread-1" [_thread_blocked, id=16300, stack(0x000000d64cf00000,0x000000d64d000000)]

Other Threads:
  0x0000025a45511c80 VMThread "VM Thread" [stack: 0x000000d649f00000,0x000000d64a000000] [id=12264]
  0x0000025a4a8c24c0 WatcherThread [stack: 0x000000d64ac00000,0x000000d64ad00000] [id=15592]
  0x0000025a30f049f0 GCTaskThread "GC Thread#0" [stack: 0x000000d649e00000,0x000000d649f00000] [id=12904]
  0x0000025a4bb8f250 GCTaskThread "GC Thread#1" [stack: 0x000000d64ae00000,0x000000d64af00000] [id=8772]
  0x0000025a4c080080 GCTaskThread "GC Thread#2" [stack: 0x000000d64af00000,0x000000d64b000000] [id=22276]
  0x0000025a4c080340 GCTaskThread "GC Thread#3" [stack: 0x000000d64b000000,0x000000d64b100000] [id=1392]
  0x0000025a4c080600 GCTaskThread "GC Thread#4" [stack: 0x000000d64b100000,0x000000d64b200000] [id=14820]
  0x0000025a4c0808c0 GCTaskThread "GC Thread#5" [stack: 0x000000d64b200000,0x000000d64b300000] [id=6924]
  0x0000025a4c080b80 GCTaskThread "GC Thread#6" [stack: 0x000000d64b300000,0x000000d64b400000] [id=1952]
  0x0000025a4be0d3f0 GCTaskThread "GC Thread#7" [stack: 0x000000d64b700000,0x000000d64b800000] [id=15536]

Threads with active compile tasks:
C2 CompilerThread0     6086 4342   !   4       org.eclipse.osgi.internal.loader.classpath.ClasspathManager::findLocalClass (210 bytes)
C1 CompilerThread0     6087 4413       3       java.lang.Class::forName (15 bytes)
C2 CompilerThread1     6087 4113       4       org.eclipse.osgi.internal.loader.BundleLoader::addExportedProvidersFor (167 bytes)
C2 CompilerThread2     6087 4011   !   4       org.eclipse.osgi.internal.loader.classpath.ClasspathManager::findClassImpl (308 bytes)

VM state: not at safepoint (normal execution)

VM Mutex/Monitor currently owned by a thread:  ([mutex/lock_event])
[0x0000025a30eea0b0] SystemDictionary_lock - owner thread: 0x0000025a30eee4a0

Heap address: 0x00000000c0000000, size: 1024 MB, Compressed Oops mode: 32-bit

CDS archive(s) not mapped
Compressed class space mapped at: 0x0000000100000000-0x0000000140000000, reserved size: 1073741824
Narrow klass base: 0x0000000000000000, Narrow klass shift: 3, Narrow klass range: 0x140000000

GC Precious Log:
 CPUs: 8 total, 8 available
 Memory: 7886M
 Large Page Support: Disabled
 NUMA Support: Disabled
 Compressed Oops: Enabled (32-bit)
 Alignments: Space 512K, Generation 512K, Heap 2M
 Heap Min Capacity: 100M
 Heap Initial Capacity: 100M
 Heap Max Capacity: 1G
 Pre-touch: Disabled
 Parallel Workers: 8

Heap:
 PSYoungGen      total 24576K, used 8372K [0x00000000eab00000, 0x00000000ec680000, 0x0000000100000000)
  eden space 22528K, 29% used [0x00000000eab00000,0x00000000eb189e78,0x00000000ec100000)
  from space 2048K, 81% used [0x00000000ec480000,0x00000000ec623510,0x00000000ec680000)
  to   space 2048K, 0% used [0x00000000ec280000,0x00000000ec280000,0x00000000ec480000)
 ParOldGen       total 68608K, used 15939K [0x00000000c0000000, 0x00000000c4300000, 0x00000000eab00000)
  object space 68608K, 23% used [0x00000000c0000000,0x00000000c0f90d60,0x00000000c4300000)
 Metaspace       used 42081K, committed 43072K, reserved 1114112K
  class space    used 4319K, committed 4736K, reserved 1048576K

Card table byte_map: [0x0000025a42da0000,0x0000025a42fb0000] _byte_map_base: 0x0000025a427a0000

Marking Bits: (ParMarkBitMap*) 0x00007ffc1cc16940
 Begin Bits: [0x0000025a43110000, 0x0000025a44110000)
 End Bits:   [0x0000025a44110000, 0x0000025a45110000)

Polling page: 0x0000025a30fa0000

Metaspace:

Usage:
  Non-class:     36.88 MB used.
      Class:      4.22 MB used.
       Both:     41.10 MB used.

Virtual space:
  Non-class space:       64.00 MB reserved,      37.44 MB ( 58%) committed,  1 nodes.
      Class space:        1.00 GB reserved,       4.62 MB ( <1%) committed,  1 nodes.
             Both:        1.06 GB reserved,      42.06 MB (  4%) committed. 

Chunk freelists:
   Non-Class:  10.17 MB
       Class:  11.31 MB
        Both:  21.48 MB

MaxMetaspaceSize: unlimited
CompressedClassSpaceSize: 1.00 GB
Initial GC threshold: 21.00 MB
Current GC threshold: 58.38 MB
CDS: off
MetaspaceReclaimPolicy: balanced
 - commit_granule_bytes: 65536.
 - commit_granule_words: 8192.
 - virtual_space_node_default_size: 8388608.
 - enlarge_chunks_in_place: 1.
 - new_chunks_are_fully_committed: 0.
 - uncommit_free_chunks: 1.
 - use_allocation_guard: 0.
 - handle_deallocations: 1.


Internal statistics:

num_allocs_failed_limit: 6.
num_arena_births: 512.
num_arena_deaths: 14.
num_vsnodes_births: 2.
num_vsnodes_deaths: 0.
num_space_committed: 673.
num_space_uncommitted: 0.
num_chunks_returned_to_freelist: 20.
num_chunks_taken_from_freelist: 1964.
num_chunk_merges: 8.
num_chunk_splits: 1246.
num_chunks_enlarged: 794.
num_inconsistent_stats: 0.

CodeHeap 'non-profiled nmethods': size=120000Kb used=2080Kb max_used=2080Kb free=117919Kb
 bounds [0x0000025a3b680000, 0x0000025a3b8f0000, 0x0000025a42bb0000]
CodeHeap 'profiled nmethods': size=120000Kb used=9047Kb max_used=9047Kb free=110952Kb
 bounds [0x0000025a33bb0000, 0x0000025a34490000, 0x0000025a3b0e0000]
CodeHeap 'non-nmethods': size=5760Kb used=1288Kb max_used=1334Kb free=4471Kb
 bounds [0x0000025a3b0e0000, 0x0000025a3b350000, 0x0000025a3b680000]
 total_blobs=5011 nmethods=4405 adapters=519
 compilation: enabled
              stopped_count=0, restarted_count=0
 full_count=0

Compilation events (20 events):
Event: 5.994 Thread 0x0000025a4a5c7760 nmethod 4302 0x0000025a3444d610 code [0x0000025a3444d840, 0x0000025a3444e228]
Event: 5.996 Thread 0x0000025a4a5c7760 4303       3       java.nio.IntBuffer::limit (6 bytes)
Event: 5.996 Thread 0x0000025a4a5c7760 nmethod 4303 0x0000025a3444e610 code [0x0000025a3444e7c0, 0x0000025a3444e968]
Event: 6.000 Thread 0x0000025a4a5c7760 4304       3       java.nio.HeapByteBuffer::get (14 bytes)
Event: 6.000 Thread 0x0000025a4a5c7760 nmethod 4304 0x0000025a3444ea10 code [0x0000025a3444ebe0, 0x0000025a3444eea8]
Event: 6.000 Thread 0x0000025a4a5c7760 4305       3       java.nio.IntBuffer::position (6 bytes)
Event: 6.000 Thread 0x0000025a4a5c7760 nmethod 4305 0x0000025a3444f090 code [0x0000025a3444f240, 0x0000025a3444f3e8]
Event: 6.001 Thread 0x0000025a4a5c7760 4306       3       jdk.internal.org.objectweb.asm.Frame::getConcreteOutputType (111 bytes)
Event: 6.001 Thread 0x0000025a4a5c7760 nmethod 4306 0x0000025a3444f490 code [0x0000025a3444f640, 0x0000025a3444f9f8]
Event: 6.001 Thread 0x0000025a4a5c7760 4307   !   3       jdk.internal.jimage.BasicImageReader::slice (32 bytes)
Event: 6.002 Thread 0x0000025a4a5c7760 nmethod 4307 0x0000025a3444fb10 code [0x0000025a3444fce0, 0x0000025a344500e8]
Event: 6.002 Thread 0x0000025a4a5c7760 4308       3       jdk.internal.jimage.BasicImageReader::findLocation (52 bytes)
Event: 6.003 Thread 0x0000025a4a5c66d0 nmethod 4244 0x0000025a3b87fb10 code [0x0000025a3b87fd00, 0x0000025a3b880ce8]
Event: 6.003 Thread 0x0000025a4a5c66d0 4254       4       jdk.internal.jimage.ImageStringsReader::charsFromByteBufferLength (81 bytes)
Event: 6.003 Thread 0x0000025a4a5c7760 nmethod 4308 0x0000025a34450290 code [0x0000025a34450500, 0x0000025a34450f28]
Event: 6.003 Thread 0x0000025a4a5c7760 4309       3       jdk.internal.jimage.BasicImageReader::getLocationIndex (45 bytes)
Event: 6.004 Thread 0x0000025a4a5c7760 nmethod 4309 0x0000025a34451290 code [0x0000025a34451480, 0x0000025a34451928]
Event: 6.004 Thread 0x0000025a4a5c7760 4310       3       jdk.internal.jimage.ImageStringsReader::hashCode (7 bytes)
Event: 6.004 Thread 0x0000025a4a5c7760 nmethod 4310 0x0000025a34451b90 code [0x0000025a34451d40, 0x0000025a34451ec8]
Event: 6.004 Thread 0x0000025a4a5c7760 4311       3       jdk.internal.jimage.ImageLocation::verify (107 bytes)

GC Heap History (20 events):
Event: 3.350 GC heap before
{Heap before GC invocations=5 (full 0):
 PSYoungGen      total 29696K, used 10459K [0x00000000eab00000, 0x00000000ecc00000, 0x0000000100000000)
  eden space 25600K, 24% used [0x00000000eab00000,0x00000000eb1374f8,0x00000000ec400000)
  from space 4096K, 99% used [0x00000000ec800000,0x00000000ecbffa80,0x00000000ecc00000)
  to   space 4096K, 0% used [0x00000000ec400000,0x00000000ec400000,0x00000000ec800000)
 ParOldGen       total 68608K, used 6843K [0x00000000c0000000, 0x00000000c4300000, 0x00000000eab00000)
  object space 68608K, 9% used [0x00000000c0000000,0x00000000c06aee70,0x00000000c4300000)
 Metaspace       used 21072K, committed 21504K, reserved 1114112K
  class space    used 2115K, committed 2304K, reserved 1048576K
}
Event: 3.353 GC heap after
{Heap after GC invocations=5 (full 0):
 PSYoungGen      total 29696K, used 4090K [0x00000000eab00000, 0x00000000ece00000, 0x0000000100000000)
  eden space 25600K, 0% used [0x00000000eab00000,0x00000000eab00000,0x00000000ec400000)
  from space 4096K, 99% used [0x00000000ec400000,0x00000000ec7fe9f0,0x00000000ec800000)
  to   space 5120K, 0% used [0x00000000ec900000,0x00000000ec900000,0x00000000ece00000)
 ParOldGen       total 68608K, used 6960K [0x00000000c0000000, 0x00000000c4300000, 0x00000000eab00000)
  object space 68608K, 10% used [0x00000000c0000000,0x00000000c06cc358,0x00000000c4300000)
 Metaspace       used 21072K, committed 21504K, reserved 1114112K
  class space    used 2115K, committed 2304K, reserved 1048576K
}
Event: 3.353 GC heap before
{Heap before GC invocations=6 (full 1):
 PSYoungGen      total 29696K, used 4090K [0x00000000eab00000, 0x00000000ece00000, 0x0000000100000000)
  eden space 25600K, 0% used [0x00000000eab00000,0x00000000eab00000,0x00000000ec400000)
  from space 4096K, 99% used [0x00000000ec400000,0x00000000ec7fe9f0,0x00000000ec800000)
  to   space 5120K, 0% used [0x00000000ec900000,0x00000000ec900000,0x00000000ece00000)
 ParOldGen       total 68608K, used 6960K [0x00000000c0000000, 0x00000000c4300000, 0x00000000eab00000)
  object space 68608K, 10% used [0x00000000c0000000,0x00000000c06cc358,0x00000000c4300000)
 Metaspace       used 21072K, committed 21504K, reserved 1114112K
  class space    used 2115K, committed 2304K, reserved 1048576K
}
Event: 3.374 GC heap after
{Heap after GC invocations=6 (full 1):
 PSYoungGen      total 29696K, used 0K [0x00000000eab00000, 0x00000000ece00000, 0x0000000100000000)
  eden space 25600K, 0% used [0x00000000eab00000,0x00000000eab00000,0x00000000ec400000)
  from space 4096K, 0% used [0x00000000ec400000,0x00000000ec400000,0x00000000ec800000)
  to   space 5120K, 0% used [0x00000000ec900000,0x00000000ec900000,0x00000000ece00000)
 ParOldGen       total 68608K, used 10599K [0x00000000c0000000, 0x00000000c4300000, 0x00000000eab00000)
  object space 68608K, 15% used [0x00000000c0000000,0x00000000c0a59c48,0x00000000c4300000)
 Metaspace       used 21072K, committed 21504K, reserved 1114112K
  class space    used 2115K, committed 2304K, reserved 1048576K
}
Event: 4.082 GC heap before
{Heap before GC invocations=7 (full 1):
 PSYoungGen      total 29696K, used 25600K [0x00000000eab00000, 0x00000000ece00000, 0x0000000100000000)
  eden space 25600K, 100% used [0x00000000eab00000,0x00000000ec400000,0x00000000ec400000)
  from space 4096K, 0% used [0x00000000ec400000,0x00000000ec400000,0x00000000ec800000)
  to   space 5120K, 0% used [0x00000000ec900000,0x00000000ec900000,0x00000000ece00000)
 ParOldGen       total 68608K, used 10599K [0x00000000c0000000, 0x00000000c4300000, 0x00000000eab00000)
  object space 68608K, 15% used [0x00000000c0000000,0x00000000c0a59c48,0x00000000c4300000)
 Metaspace       used 24724K, committed 25280K, reserved 1114112K
  class space    used 2519K, committed 2752K, reserved 1048576K
}
Event: 4.085 GC heap after
{Heap after GC invocations=7 (full 1):
 PSYoungGen      total 26624K, used 1408K [0x00000000eab00000, 0x00000000eca80000, 0x0000000100000000)
  eden space 25088K, 0% used [0x00000000eab00000,0x00000000eab00000,0x00000000ec380000)
  from space 1536K, 91% used [0x00000000ec900000,0x00000000eca60000,0x00000000eca80000)
  to   space 2560K, 0% used [0x00000000ec580000,0x00000000ec580000,0x00000000ec800000)
 ParOldGen       total 68608K, used 10607K [0x00000000c0000000, 0x00000000c4300000, 0x00000000eab00000)
  object space 68608K, 15% used [0x00000000c0000000,0x00000000c0a5bc48,0x00000000c4300000)
 Metaspace       used 24724K, committed 25280K, reserved 1114112K
  class space    used 2519K, committed 2752K, reserved 1048576K
}
Event: 4.474 GC heap before
{Heap before GC invocations=8 (full 1):
 PSYoungGen      total 26624K, used 26496K [0x00000000eab00000, 0x00000000eca80000, 0x0000000100000000)
  eden space 25088K, 100% used [0x00000000eab00000,0x00000000ec380000,0x00000000ec380000)
  from space 1536K, 91% used [0x00000000ec900000,0x00000000eca60000,0x00000000eca80000)
  to   space 2560K, 0% used [0x00000000ec580000,0x00000000ec580000,0x00000000ec800000)
 ParOldGen       total 68608K, used 10607K [0x00000000c0000000, 0x00000000c4300000, 0x00000000eab00000)
  object space 68608K, 15% used [0x00000000c0000000,0x00000000c0a5bc48,0x00000000c4300000)
 Metaspace       used 27500K, committed 28160K, reserved 1114112K
  class space    used 2832K, committed 3136K, reserved 1048576K
}
Event: 4.477 GC heap after
{Heap after GC invocations=8 (full 1):
 PSYoungGen      total 27136K, used 2547K [0x00000000eab00000, 0x00000000ec980000, 0x0000000100000000)
  eden space 24576K, 0% used [0x00000000eab00000,0x00000000eab00000,0x00000000ec300000)
  from space 2560K, 99% used [0x00000000ec580000,0x00000000ec7fcf48,0x00000000ec800000)
  to   space 1536K, 0% used [0x00000000ec800000,0x00000000ec800000,0x00000000ec980000)
 ParOldGen       total 68608K, used 10794K [0x00000000c0000000, 0x00000000c4300000, 0x00000000eab00000)
  object space 68608K, 15% used [0x00000000c0000000,0x00000000c0a8a828,0x00000000c4300000)
 Metaspace       used 27500K, committed 28160K, reserved 1114112K
  class space    used 2832K, committed 3136K, reserved 1048576K
}
Event: 4.678 GC heap before
{Heap before GC invocations=9 (full 1):
 PSYoungGen      total 27136K, used 27123K [0x00000000eab00000, 0x00000000ec980000, 0x0000000100000000)
  eden space 24576K, 100% used [0x00000000eab00000,0x00000000ec300000,0x00000000ec300000)
  from space 2560K, 99% used [0x00000000ec580000,0x00000000ec7fcf48,0x00000000ec800000)
  to   space 1536K, 0% used [0x00000000ec800000,0x00000000ec800000,0x00000000ec980000)
 ParOldGen       total 68608K, used 10794K [0x00000000c0000000, 0x00000000c4300000, 0x00000000eab00000)
  object space 68608K, 15% used [0x00000000c0000000,0x00000000c0a8a828,0x00000000c4300000)
 Metaspace       used 30060K, committed 30720K, reserved 1114112K
  class space    used 3008K, committed 3264K, reserved 1048576K
}
Event: 4.681 GC heap after
{Heap after GC invocations=9 (full 1):
 PSYoungGen      total 25600K, used 1516K [0x00000000eab00000, 0x00000000ec980000, 0x0000000100000000)
  eden space 24064K, 0% used [0x00000000eab00000,0x00000000eab00000,0x00000000ec280000)
  from space 1536K, 98% used [0x00000000ec800000,0x00000000ec97b2b8,0x00000000ec980000)
  to   space 3584K, 0% used [0x00000000ec280000,0x00000000ec280000,0x00000000ec600000)
 ParOldGen       total 68608K, used 12312K [0x00000000c0000000, 0x00000000c4300000, 0x00000000eab00000)
  object space 68608K, 17% used [0x00000000c0000000,0x00000000c0c06290,0x00000000c4300000)
 Metaspace       used 30060K, committed 30720K, reserved 1114112K
  class space    used 3008K, committed 3264K, reserved 1048576K
}
Event: 4.890 GC heap before
{Heap before GC invocations=10 (full 1):
 PSYoungGen      total 25600K, used 25580K [0x00000000eab00000, 0x00000000ec980000, 0x0000000100000000)
  eden space 24064K, 100% used [0x00000000eab00000,0x00000000ec280000,0x00000000ec280000)
  from space 1536K, 98% used [0x00000000ec800000,0x00000000ec97b2b8,0x00000000ec980000)
  to   space 3584K, 0% used [0x00000000ec280000,0x00000000ec280000,0x00000000ec600000)
 ParOldGen       total 68608K, used 12312K [0x00000000c0000000, 0x00000000c4300000, 0x00000000eab00000)
  object space 68608K, 17% used [0x00000000c0000000,0x00000000c0c06290,0x00000000c4300000)
 Metaspace       used 33206K, committed 33920K, reserved 1114112K
  class space    used 3244K, committed 3520K, reserved 1048576K
}
Event: 4.892 GC heap after
{Heap after GC invocations=10 (full 1):
 PSYoungGen      total 27136K, used 3275K [0x00000000eab00000, 0x00000000ec900000, 0x0000000100000000)
  eden space 23552K, 0% used [0x00000000eab00000,0x00000000eab00000,0x00000000ec200000)
  from space 3584K, 91% used [0x00000000ec280000,0x00000000ec5b2d58,0x00000000ec600000)
  to   space 3072K, 0% used [0x00000000ec600000,0x00000000ec600000,0x00000000ec900000)
 ParOldGen       total 68608K, used 12596K [0x00000000c0000000, 0x00000000c4300000, 0x00000000eab00000)
  object space 68608K, 18% used [0x00000000c0000000,0x00000000c0c4d2a0,0x00000000c4300000)
 Metaspace       used 33206K, committed 33920K, reserved 1114112K
  class space    used 3244K, committed 3520K, reserved 1048576K
}
Event: 5.326 GC heap before
{Heap before GC invocations=11 (full 1):
 PSYoungGen      total 27136K, used 25889K [0x00000000eab00000, 0x00000000ec900000, 0x0000000100000000)
  eden space 23552K, 96% used [0x00000000eab00000,0x00000000ec1157b8,0x00000000ec200000)
  from space 3584K, 91% used [0x00000000ec280000,0x00000000ec5b2d58,0x00000000ec600000)
  to   space 3072K, 0% used [0x00000000ec600000,0x00000000ec600000,0x00000000ec900000)
 ParOldGen       total 68608K, used 12596K [0x00000000c0000000, 0x00000000c4300000, 0x00000000eab00000)
  object space 68608K, 18% used [0x00000000c0000000,0x00000000c0c4d2a0,0x00000000c4300000)
 Metaspace       used 35129K, committed 35840K, reserved 1114112K
  class space    used 3422K, committed 3712K, reserved 1048576K
}
Event: 5.328 GC heap after
{Heap after GC invocations=11 (full 1):
 PSYoungGen      total 26624K, used 2814K [0x00000000eab00000, 0x00000000ec900000, 0x0000000100000000)
  eden space 23552K, 0% used [0x00000000eab00000,0x00000000eab00000,0x00000000ec200000)
  from space 3072K, 91% used [0x00000000ec600000,0x00000000ec8bfbd8,0x00000000ec900000)
  to   space 3072K, 0% used [0x00000000ec300000,0x00000000ec300000,0x00000000ec600000)
 ParOldGen       total 68608K, used 13878K [0x00000000c0000000, 0x00000000c4300000, 0x00000000eab00000)
  object space 68608K, 20% used [0x00000000c0000000,0x00000000c0d8da58,0x00000000c4300000)
 Metaspace       used 35129K, committed 35840K, reserved 1114112K
  class space    used 3422K, committed 3712K, reserved 1048576K
}
Event: 5.328 GC heap before
{Heap before GC invocations=12 (full 2):
 PSYoungGen      total 26624K, used 2814K [0x00000000eab00000, 0x00000000ec900000, 0x0000000100000000)
  eden space 23552K, 0% used [0x00000000eab00000,0x00000000eab00000,0x00000000ec200000)
  from space 3072K, 91% used [0x00000000ec600000,0x00000000ec8bfbd8,0x00000000ec900000)
  to   space 3072K, 0% used [0x00000000ec300000,0x00000000ec300000,0x00000000ec600000)
 ParOldGen       total 68608K, used 13878K [0x00000000c0000000, 0x00000000c4300000, 0x00000000eab00000)
  object space 68608K, 20% used [0x00000000c0000000,0x00000000c0d8da58,0x00000000c4300000)
 Metaspace       used 35129K, committed 35840K, reserved 1114112K
  class space    used 3422K, committed 3712K, reserved 1048576K
}
Event: 5.362 GC heap after
{Heap after GC invocations=12 (full 2):
 PSYoungGen      total 26624K, used 0K [0x00000000eab00000, 0x00000000ec900000, 0x0000000100000000)
  eden space 23552K, 0% used [0x00000000eab00000,0x00000000eab00000,0x00000000ec200000)
  from space 3072K, 0% used [0x00000000ec600000,0x00000000ec600000,0x00000000ec900000)
  to   space 3072K, 0% used [0x00000000ec300000,0x00000000ec300000,0x00000000ec600000)
 ParOldGen       total 68608K, used 14957K [0x00000000c0000000, 0x00000000c4300000, 0x00000000eab00000)
  object space 68608K, 21% used [0x00000000c0000000,0x00000000c0e9b498,0x00000000c4300000)
 Metaspace       used 35116K, committed 35840K, reserved 1114112K
  class space    used 3419K, committed 3712K, reserved 1048576K
}
Event: 5.709 GC heap before
{Heap before GC invocations=13 (full 2):
 PSYoungGen      total 26624K, used 23552K [0x00000000eab00000, 0x00000000ec900000, 0x0000000100000000)
  eden space 23552K, 100% used [0x00000000eab00000,0x00000000ec200000,0x00000000ec200000)
  from space 3072K, 0% used [0x00000000ec600000,0x00000000ec600000,0x00000000ec900000)
  to   space 3072K, 0% used [0x00000000ec300000,0x00000000ec300000,0x00000000ec600000)
 ParOldGen       total 68608K, used 14957K [0x00000000c0000000, 0x00000000c4300000, 0x00000000eab00000)
  object space 68608K, 21% used [0x00000000c0000000,0x00000000c0e9b498,0x00000000c4300000)
 Metaspace       used 38573K, committed 39424K, reserved 1114112K
  class space    used 3846K, committed 4224K, reserved 1048576K
}
Event: 5.712 GC heap after
{Heap after GC invocations=13 (full 2):
 PSYoungGen      total 24576K, used 1045K [0x00000000eab00000, 0x00000000ec680000, 0x0000000100000000)
  eden space 23040K, 0% used [0x00000000eab00000,0x00000000eab00000,0x00000000ec180000)
  from space 1536K, 68% used [0x00000000ec300000,0x00000000ec4056f0,0x00000000ec480000)
  to   space 2048K, 0% used [0x00000000ec480000,0x00000000ec480000,0x00000000ec680000)
 ParOldGen       total 68608K, used 14965K [0x00000000c0000000, 0x00000000c4300000, 0x00000000eab00000)
  object space 68608K, 21% used [0x00000000c0000000,0x00000000c0e9d498,0x00000000c4300000)
 Metaspace       used 38573K, committed 39424K, reserved 1114112K
  class space    used 3846K, committed 4224K, reserved 1048576K
}
Event: 5.973 GC heap before
{Heap before GC invocations=14 (full 2):
 PSYoungGen      total 24576K, used 24085K [0x00000000eab00000, 0x00000000ec680000, 0x0000000100000000)
  eden space 23040K, 100% used [0x00000000eab00000,0x00000000ec180000,0x00000000ec180000)
  from space 1536K, 68% used [0x00000000ec300000,0x00000000ec4056f0,0x00000000ec480000)
  to   space 2048K, 0% used [0x00000000ec480000,0x00000000ec480000,0x00000000ec680000)
 ParOldGen       total 68608K, used 14965K [0x00000000c0000000, 0x00000000c4300000, 0x00000000eab00000)
  object space 68608K, 21% used [0x00000000c0000000,0x00000000c0e9d498,0x00000000c4300000)
 Metaspace       used 41434K, committed 42432K, reserved 1114112K
  class space    used 4252K, committed 4672K, reserved 1048576K
}
Event: 5.977 GC heap after
{Heap after GC invocations=14 (full 2):
 PSYoungGen      total 24576K, used 1677K [0x00000000eab00000, 0x00000000ec680000, 0x0000000100000000)
  eden space 22528K, 0% used [0x00000000eab00000,0x00000000eab00000,0x00000000ec100000)
  from space 2048K, 81% used [0x00000000ec480000,0x00000000ec623510,0x00000000ec680000)
  to   space 2048K, 0% used [0x00000000ec280000,0x00000000ec280000,0x00000000ec480000)
 ParOldGen       total 68608K, used 15939K [0x00000000c0000000, 0x00000000c4300000, 0x00000000eab00000)
  object space 68608K, 23% used [0x00000000c0000000,0x00000000c0f90d60,0x00000000c4300000)
 Metaspace       used 41434K, committed 42432K, reserved 1114112K
  class space    used 4252K, committed 4672K, reserved 1048576K
}

Dll operation events (10 events):
Event: 0.015 Loaded shared library c:\Users\Asus\.vscode\extensions\redhat.java-1.37.0-win32-x64\jre\17.0.13-win32-x86_64\bin\java.dll
Event: 0.258 Loaded shared library c:\Users\Asus\.vscode\extensions\redhat.java-1.37.0-win32-x64\jre\17.0.13-win32-x86_64\bin\zip.dll
Event: 0.262 Loaded shared library C:\Users\Asus\.vscode\extensions\redhat.java-1.37.0-win32-x64\jre\17.0.13-win32-x86_64\bin\instrument.dll
Event: 0.278 Loaded shared library C:\Users\Asus\.vscode\extensions\redhat.java-1.37.0-win32-x64\jre\17.0.13-win32-x86_64\bin\net.dll
Event: 0.281 Loaded shared library C:\Users\Asus\.vscode\extensions\redhat.java-1.37.0-win32-x64\jre\17.0.13-win32-x86_64\bin\nio.dll
Event: 0.294 Loaded shared library C:\Users\Asus\.vscode\extensions\redhat.java-1.37.0-win32-x64\jre\17.0.13-win32-x86_64\bin\zip.dll
Event: 0.317 Loaded shared library C:\Users\Asus\.vscode\extensions\redhat.java-1.37.0-win32-x64\jre\17.0.13-win32-x86_64\bin\jimage.dll
Event: 0.397 Loaded shared library c:\Users\Asus\.vscode\extensions\redhat.java-1.37.0-win32-x64\jre\17.0.13-win32-x86_64\bin\verify.dll
Event: 1.855 Loaded shared library C:\Users\Asus\AppData\Roaming\Code\User\globalStorage\redhat.java\1.37.0\config_win\org.eclipse.equinox.launcher\org.eclipse.equinox.launcher.win32.win32.x86_64_1.2.1100.v20240722-2106\eclipse_11904.dll
Event: 3.891 Loaded shared library C:\Users\Asus\AppData\Local\Temp\jna-2050672\jna16394675061927838498.dll

Deoptimization events (20 events):
Event: 5.696 Thread 0x0000025a4c15d5d0 DEOPT PACKING pc=0x0000025a3b84dd20 sp=0x000000d64c1fd790
Event: 5.696 Thread 0x0000025a4c15d5d0 DEOPT UNPACKING pc=0x0000025a3b139ea3 sp=0x000000d64c1fd700 mode 2
Event: 5.721 Thread 0x0000025a4d8cc6f0 Uncommon trap: trap_request=0xffffffc6 fr.pc=0x0000025a3b85bd08 relative=0x0000000000000228
Event: 5.721 Thread 0x0000025a4d8cc6f0 Uncommon trap: reason=bimorphic_or_optimized_type_check action=maybe_recompile pc=0x0000025a3b85bd08 method=java.lang.ThreadLocal.set(Ljava/lang/Object;)V @ 6 c2
Event: 5.721 Thread 0x0000025a4d8cc6f0 DEOPT PACKING pc=0x0000025a3b85bd08 sp=0x000000d64c9fee60
Event: 5.721 Thread 0x0000025a4d8cc6f0 DEOPT UNPACKING pc=0x0000025a3b139ea3 sp=0x000000d64c9fee08 mode 2
Event: 5.721 Thread 0x0000025a4d8cef70 Uncommon trap: trap_request=0xffffffc6 fr.pc=0x0000025a3b85bd08 relative=0x0000000000000228
Event: 5.721 Thread 0x0000025a4d8cef70 Uncommon trap: reason=bimorphic_or_optimized_type_check action=maybe_recompile pc=0x0000025a3b85bd08 method=java.lang.ThreadLocal.set(Ljava/lang/Object;)V @ 6 c2
Event: 5.721 Thread 0x0000025a4d8cef70 DEOPT PACKING pc=0x0000025a3b85bd08 sp=0x000000d64ccff120
Event: 5.721 Thread 0x0000025a4d8cef70 DEOPT UNPACKING pc=0x0000025a3b139ea3 sp=0x000000d64ccff0c8 mode 2
Event: 5.721 Thread 0x0000025a4d8ccc00 Uncommon trap: trap_request=0xffffffc6 fr.pc=0x0000025a3b85bd08 relative=0x0000000000000228
Event: 5.721 Thread 0x0000025a4d8ccc00 Uncommon trap: reason=bimorphic_or_optimized_type_check action=maybe_recompile pc=0x0000025a3b85bd08 method=java.lang.ThreadLocal.set(Ljava/lang/Object;)V @ 6 c2
Event: 5.721 Thread 0x0000025a4d8ccc00 DEOPT PACKING pc=0x0000025a3b85bd08 sp=0x000000d64c8fef70
Event: 5.721 Thread 0x0000025a4d8ccc00 DEOPT UNPACKING pc=0x0000025a3b139ea3 sp=0x000000d64c8fef18 mode 2
Event: 5.721 Thread 0x0000025a4d8cf480 Uncommon trap: trap_request=0xffffffc6 fr.pc=0x0000025a3b85bd08 relative=0x0000000000000228
Event: 5.721 Thread 0x0000025a4d8cf480 Uncommon trap: reason=bimorphic_or_optimized_type_check action=maybe_recompile pc=0x0000025a3b85bd08 method=java.lang.ThreadLocal.set(Ljava/lang/Object;)V @ 6 c2
Event: 5.721 Thread 0x0000025a4d8cf480 DEOPT PACKING pc=0x0000025a3b85bd08 sp=0x000000d64cdff2d0
Event: 5.721 Thread 0x0000025a4d8cf480 DEOPT UNPACKING pc=0x0000025a3b139ea3 sp=0x000000d64cdff278 mode 2
Event: 5.861 Thread 0x0000025a4c15d5d0 DEOPT PACKING pc=0x0000025a340f7293 sp=0x000000d64c1fc270
Event: 5.861 Thread 0x0000025a4c15d5d0 DEOPT UNPACKING pc=0x0000025a3b13a9e3 sp=0x000000d64c1fb790 mode 0

Classes loaded (20 events):
Event: 5.908 Loading class jdk/internal/jrtfs/JrtPath
Event: 5.910 Loading class jdk/internal/jrtfs/JrtPath done
Event: 5.910 Loading class jdk/internal/jimage/ImageReader$Node
Event: 5.910 Loading class jdk/internal/jimage/ImageReader$Node done
Event: 5.915 Loading class java/nio/file/SimpleFileVisitor
Event: 5.915 Loading class java/nio/file/SimpleFileVisitor done
Event: 5.915 Loading class java/nio/file/FileVisitOption
Event: 5.916 Loading class java/nio/file/FileVisitOption done
Event: 5.916 Loading class java/nio/file/FileTreeWalker
Event: 5.916 Loading class java/nio/file/FileTreeWalker done
Event: 5.916 Loading class java/util/RegularEnumSet$EnumSetIterator
Event: 5.916 Loading class java/util/RegularEnumSet$EnumSetIterator done
Event: 5.924 Loading class java/nio/ByteBufferAsIntBufferL
Event: 5.924 Loading class java/nio/ByteBufferAsIntBufferL done
Event: 5.928 Loading class jdk/internal/jimage/ImageReader$Directory
Event: 5.928 Loading class jdk/internal/jimage/ImageReader$Directory done
Event: 5.966 Loading class sun/reflect/generics/tree/ArrayTypeSignature
Event: 5.966 Loading class sun/reflect/generics/tree/ArrayTypeSignature done
Event: 5.969 Loading class sun/reflect/generics/tree/BooleanSignature
Event: 5.969 Loading class sun/reflect/generics/tree/BooleanSignature done

Classes unloaded (7 events):
Event: 5.333 Thread 0x0000025a45511c80 Unloading class 0x000000010025a000 'java/lang/invoke/LambdaForm$MH+0x000000010025a000'
Event: 5.333 Thread 0x0000025a45511c80 Unloading class 0x0000000100259c00 'java/lang/invoke/LambdaForm$MH+0x0000000100259c00'
Event: 5.333 Thread 0x0000025a45511c80 Unloading class 0x0000000100259800 'java/lang/invoke/LambdaForm$MH+0x0000000100259800'
Event: 5.333 Thread 0x0000025a45511c80 Unloading class 0x0000000100259400 'java/lang/invoke/LambdaForm$MH+0x0000000100259400'
Event: 5.333 Thread 0x0000025a45511c80 Unloading class 0x0000000100259000 'java/lang/invoke/LambdaForm$BMH+0x0000000100259000'
Event: 5.333 Thread 0x0000025a45511c80 Unloading class 0x0000000100258c00 'java/lang/invoke/LambdaForm$DMH+0x0000000100258c00'
Event: 5.333 Thread 0x0000025a45511c80 Unloading class 0x0000000100254400 'java/lang/invoke/LambdaForm$DMH+0x0000000100254400'

Classes redefined (0 events):
No events

Internal exceptions (20 events):
Event: 5.714 Thread 0x0000025a4c15d5d0 Exception <a 'sun/nio/fs/WindowsException'{0x00000000eab0a120}> (0x00000000eab0a120) 
thrown [s\src\hotspot\share\prims\jni.cpp, line 516]
Event: 5.714 Thread 0x0000025a4c15d5d0 Exception <a 'sun/nio/fs/WindowsException'{0x00000000eab0a970}> (0x00000000eab0a970) 
thrown [s\src\hotspot\share\prims\jni.cpp, line 516]
Event: 5.714 Thread 0x0000025a4c15d5d0 Exception <a 'sun/nio/fs/WindowsException'{0x00000000eab0b1d0}> (0x00000000eab0b1d0) 
thrown [s\src\hotspot\share\prims\jni.cpp, line 516]
Event: 5.714 Thread 0x0000025a4c15d5d0 Exception <a 'sun/nio/fs/WindowsException'{0x00000000eab0ba10}> (0x00000000eab0ba10) 
thrown [s\src\hotspot\share\prims\jni.cpp, line 516]
Event: 5.714 Thread 0x0000025a4c15d5d0 Exception <a 'sun/nio/fs/WindowsException'{0x00000000eab0c268}> (0x00000000eab0c268) 
thrown [s\src\hotspot\share\prims\jni.cpp, line 516]
Event: 5.714 Thread 0x0000025a4c15d5d0 Exception <a 'sun/nio/fs/WindowsException'{0x00000000eab0cab8}> (0x00000000eab0cab8) 
thrown [s\src\hotspot\share\prims\jni.cpp, line 516]
Event: 5.714 Thread 0x0000025a4c15d5d0 Exception <a 'sun/nio/fs/WindowsException'{0x00000000eab0d318}> (0x00000000eab0d318) 
thrown [s\src\hotspot\share\prims\jni.cpp, line 516]
Event: 5.721 Thread 0x0000025a4c15d5d0 Exception <a 'sun/nio/fs/WindowsException'{0x00000000eabe7238}> (0x00000000eabe7238) 
thrown [s\src\hotspot\share\prims\jni.cpp, line 516]
Event: 5.721 Thread 0x0000025a4c15d5d0 Exception <a 'sun/nio/fs/WindowsException'{0x00000000eabe7a30}> (0x00000000eabe7a30) 
thrown [s\src\hotspot\share\prims\jni.cpp, line 516]
Event: 5.721 Thread 0x0000025a4c15d5d0 Exception <a 'sun/nio/fs/WindowsException'{0x00000000eabe8798}> (0x00000000eabe8798) 
thrown [s\src\hotspot\share\prims\jni.cpp, line 516]
Event: 5.722 Thread 0x0000025a4c15d5d0 Exception <a 'sun/nio/fs/WindowsException'{0x00000000eabe8f90}> (0x00000000eabe8f90) 
thrown [s\src\hotspot\share\prims\jni.cpp, line 516]
Event: 5.726 Thread 0x0000025a4c15d5d0 Exception <a 'sun/nio/fs/WindowsException'{0x00000000eacace60}> (0x00000000eacace60) 
thrown [s\src\hotspot\share\prims\jni.cpp, line 516]
Event: 5.726 Thread 0x0000025a4c15d5d0 Exception <a 'sun/nio/fs/WindowsException'{0x00000000eacad658}> (0x00000000eacad658) 
thrown [s\src\hotspot\share\prims\jni.cpp, line 516]
Event: 5.729 Thread 0x0000025a4c15d5d0 Exception <a 'sun/nio/fs/WindowsException'{0x00000000eacd6300}> (0x00000000eacd6300) 
thrown [s\src\hotspot\share\prims\jni.cpp, line 516]
Event: 5.729 Thread 0x0000025a4c15d5d0 Exception <a 'sun/nio/fs/WindowsException'{0x00000000eacd6af8}> (0x00000000eacd6af8) 
thrown [s\src\hotspot\share\prims\jni.cpp, line 516]
Event: 5.733 Thread 0x0000025a4c15d5d0 Exception <a 'java/lang/NoSuchMethodError'{0x00000000ead22a98}: 'void java.lang.invoke.DirectMethodHandle$Holder.invokeVirtual(java.lang.Object, java.lang.Object, java.lang.Object, java.lang.Object)'> (0x00000000ead22a98) 
thrown [s\src\hotspot\share\interpreter\linkResolver.cpp, line 759]
Event: 5.754 Thread 0x0000025a4c15d5d0 Exception <a 'java/io/FileNotFoundException'{0x00000000eae66628}> (0x00000000eae66628) 
thrown [s\src\hotspot\share\prims\jni.cpp, line 516]
Event: 5.776 Thread 0x0000025a4c15d5d0 Exception <a 'sun/nio/fs/WindowsException'{0x00000000eaf73f90}> (0x00000000eaf73f90) 
thrown [s\src\hotspot\share\prims\jni.cpp, line 516]
Event: 5.797 Thread 0x0000025a4c15d0c0 Exception <a 'java/lang/NoSuchMethodError'{0x00000000eb168120}: 'int java.lang.invoke.DirectMethodHandle$Holder.invokeStatic(java.lang.Object, java.lang.Object, java.lang.Object, java.lang.Object, java.lang.Object)'> (0x00000000eb168120) 
thrown [s\src\hotspot\share\interpreter\linkResolver.cpp, line 759]
Event: 5.901 Thread 0x0000025a4c15d5d0 Exception <a 'java/lang/NoSuchMethodError'{0x00000000ebbafd70}: 'java.lang.Object java.lang.invoke.Invokers$Holder.invoke_MT(java.lang.Object, java.lang.Object, java.lang.Object)'> (0x00000000ebbafd70) 
thrown [s\src\hotspot\share\interpreter\linkResolver.cpp, line 759]

VM Operations (20 events):
Event: 5.326 Executing VM operation: CollectForMetadataAllocation
Event: 5.362 Executing VM operation: CollectForMetadataAllocation done
Event: 5.382 Executing VM operation: HandshakeAllThreads
Event: 5.382 Executing VM operation: HandshakeAllThreads done
Event: 5.422 Executing VM operation: HandshakeAllThreads
Event: 5.422 Executing VM operation: HandshakeAllThreads done
Event: 5.509 Executing VM operation: HandshakeAllThreads
Event: 5.509 Executing VM operation: HandshakeAllThreads done
Event: 5.521 Executing VM operation: HandshakeAllThreads
Event: 5.521 Executing VM operation: HandshakeAllThreads done
Event: 5.708 Executing VM operation: ParallelGCFailedAllocation
Event: 5.712 Executing VM operation: ParallelGCFailedAllocation done
Event: 5.868 Executing VM operation: HandshakeAllThreads
Event: 5.868 Executing VM operation: HandshakeAllThreads done
Event: 5.925 Executing VM operation: HandshakeAllThreads
Event: 5.925 Executing VM operation: HandshakeAllThreads done
Event: 5.926 Executing VM operation: HandshakeAllThreads
Event: 5.927 Executing VM operation: HandshakeAllThreads done
Event: 5.970 Executing VM operation: ParallelGCFailedAllocation
Event: 5.977 Executing VM operation: ParallelGCFailedAllocation done

Memory protections (0 events):
No events

Nmethod flushes (0 events):
No events

Events (20 events):
Event: 3.894 Thread 0x0000025a4c5bf460 Thread exited: 0x0000025a4c5bf460
Event: 3.914 Thread 0x0000025a4c2c49a0 Thread added: 0x0000025a4c15b260
Event: 3.950 Thread 0x0000025a4c2c49a0 Thread added: 0x0000025a4c15d0c0
Event: 3.972 Thread 0x0000025a4c2c49a0 Thread added: 0x0000025a4c15b770
Event: 4.125 Thread 0x0000025a4a5c66d0 Thread added: 0x0000025a4cad2090
Event: 4.930 Thread 0x0000025a4cad2090 Thread added: 0x0000025a4cfc9590
Event: 5.211 Thread 0x0000025a4c2c49a0 Thread added: 0x0000025a4c15e500
Event: 5.469 Thread 0x0000025a4c15d0c0 Thread added: 0x0000025a4c15d5d0
Event: 5.573 Thread 0x0000025a4c15d5d0 Thread added: 0x0000025a4c15dae0
Event: 5.654 Thread 0x0000025a4c15dae0 Thread added: 0x0000025a4d8cb7c0
Event: 5.718 Thread 0x0000025a30eee4a0 Thread added: 0x0000025a4d8cea60
Event: 5.718 Thread 0x0000025a30eee4a0 Thread added: 0x0000025a4d8cdb30
Event: 5.718 Thread 0x0000025a30eee4a0 Thread added: 0x0000025a4d8ccc00
Event: 5.719 Thread 0x0000025a30eee4a0 Thread added: 0x0000025a4d8cc6f0
Event: 5.719 Thread 0x0000025a30eee4a0 Thread added: 0x0000025a4d8ce040
Event: 5.719 Thread 0x0000025a30eee4a0 Thread added: 0x0000025a4d8ce550
Event: 5.719 Thread 0x0000025a30eee4a0 Thread added: 0x0000025a4d8cef70
Event: 5.719 Thread 0x0000025a30eee4a0 Thread added: 0x0000025a4d8cf480
Event: 5.719 Thread 0x0000025a30eee4a0 Thread added: 0x0000025a4d8cbcd0
Event: 5.775 Thread 0x0000025a30eee4a0 Thread added: 0x0000025a4d8cf990


Dynamic libraries:
0x00007ff6771d0000 - 0x00007ff6771de000 	c:\Users\Asus\.vscode\extensions\redhat.java-1.37.0-win32-x64\jre\17.0.13-win32-x86_64\bin\java.exe
0x00007ffc8fd80000 - 0x00007ffc8ffe3000 	C:\WINDOWS\SYSTEM32\ntdll.dll
0x00007ffc8ec70000 - 0x00007ffc8ed38000 	C:\WINDOWS\System32\KERNEL32.DLL
0x00007ffc8d530000 - 0x00007ffc8d8e2000 	C:\WINDOWS\System32\KERNELBASE.dll
0x00007ffc8da90000 - 0x00007ffc8dbdb000 	C:\WINDOWS\System32\ucrtbase.dll
0x00007ffc83d00000 - 0x00007ffc83d17000 	c:\Users\Asus\.vscode\extensions\redhat.java-1.37.0-win32-x64\jre\17.0.13-win32-x86_64\bin\jli.dll
0x00007ffc840a0000 - 0x00007ffc840be000 	c:\Users\Asus\.vscode\extensions\redhat.java-1.37.0-win32-x64\jre\17.0.13-win32-x86_64\bin\VCRUNTIME140.dll
0x00007ffc8e130000 - 0x00007ffc8e2f8000 	C:\WINDOWS\System32\USER32.dll
0x00007ffc765c0000 - 0x00007ffc76850000 	C:\WINDOWS\WinSxS\amd64_microsoft.windows.common-controls_6595b64144ccf1df_6.0.26100.2454_none_3e0b68a2e331ad60\COMCTL32.dll
0x00007ffc8d9b0000 - 0x00007ffc8d9d7000 	C:\WINDOWS\System32\win32u.dll
0x00007ffc8e070000 - 0x00007ffc8e119000 	C:\WINDOWS\System32\msvcrt.dll
0x00007ffc8f310000 - 0x00007ffc8f33a000 	C:\WINDOWS\System32\GDI32.dll
0x00007ffc8d2d0000 - 0x00007ffc8d3fb000 	C:\WINDOWS\System32\gdi32full.dll
0x00007ffc8d9e0000 - 0x00007ffc8da83000 	C:\WINDOWS\System32\msvcp_win.dll
0x00007ffc8e8f0000 - 0x00007ffc8e91f000 	C:\WINDOWS\System32\IMM32.DLL
0x00007ffc84c90000 - 0x00007ffc84c9c000 	c:\Users\Asus\.vscode\extensions\redhat.java-1.37.0-win32-x64\jre\17.0.13-win32-x86_64\bin\vcruntime140_1.dll
0x00007ffc3c710000 - 0x00007ffc3c79d000 	c:\Users\Asus\.vscode\extensions\redhat.java-1.37.0-win32-x64\jre\17.0.13-win32-x86_64\bin\msvcp140.dll
0x00007ffc1c070000 - 0x00007ffc1ccdb000 	c:\Users\Asus\.vscode\extensions\redhat.java-1.37.0-win32-x64\jre\17.0.13-win32-x86_64\bin\server\jvm.dll
0x00007ffc8e690000 - 0x00007ffc8e744000 	C:\WINDOWS\System32\ADVAPI32.dll
0x00007ffc8f340000 - 0x00007ffc8f3e6000 	C:\WINDOWS\System32\sechost.dll
0x00007ffc8e9d0000 - 0x00007ffc8eae6000 	C:\WINDOWS\System32\RPCRT4.dll
0x00007ffc8ebd0000 - 0x00007ffc8ec44000 	C:\WINDOWS\System32\WS2_32.dll
0x00007ffc8cb50000 - 0x00007ffc8cb9e000 	C:\WINDOWS\SYSTEM32\POWRPROF.dll
0x00007ffc77c60000 - 0x00007ffc77c96000 	C:\WINDOWS\SYSTEM32\WINMM.dll
0x00007ffc83a60000 - 0x00007ffc83a6b000 	C:\WINDOWS\SYSTEM32\VERSION.dll
0x00007ffc8ca30000 - 0x00007ffc8ca44000 	C:\WINDOWS\SYSTEM32\UMPDC.dll
0x00007ffc8bf90000 - 0x00007ffc8bfaa000 	C:\WINDOWS\SYSTEM32\kernel.appcore.dll
0x00007ffc84210000 - 0x00007ffc8421a000 	c:\Users\Asus\.vscode\extensions\redhat.java-1.37.0-win32-x64\jre\17.0.13-win32-x86_64\bin\jimage.dll
0x00007ffc8a900000 - 0x00007ffc8ab41000 	C:\WINDOWS\SYSTEM32\DBGHELP.DLL
0x00007ffc8ed40000 - 0x00007ffc8f0be000 	C:\WINDOWS\System32\combase.dll
0x00007ffc8eaf0000 - 0x00007ffc8ebc6000 	C:\WINDOWS\System32\OLEAUT32.dll
0x00007ffc82320000 - 0x00007ffc82359000 	C:\WINDOWS\SYSTEM32\dbgcore.DLL
0x00007ffc8d490000 - 0x00007ffc8d529000 	C:\WINDOWS\System32\bcryptPrimitives.dll
0x00007ffc83fb0000 - 0x00007ffc83fbe000 	c:\Users\Asus\.vscode\extensions\redhat.java-1.37.0-win32-x64\jre\17.0.13-win32-x86_64\bin\instrument.dll
0x00007ffc811b0000 - 0x00007ffc811d5000 	c:\Users\Asus\.vscode\extensions\redhat.java-1.37.0-win32-x64\jre\17.0.13-win32-x86_64\bin\java.dll
0x00007ffc83870000 - 0x00007ffc83888000 	c:\Users\Asus\.vscode\extensions\redhat.java-1.37.0-win32-x64\jre\17.0.13-win32-x86_64\bin\zip.dll
0x00007ffc8f5c0000 - 0x00007ffc8fcc0000 	C:\WINDOWS\System32\SHELL32.dll
0x00007ffc8ae80000 - 0x00007ffc8b6b1000 	C:\WINDOWS\SYSTEM32\windows.storage.dll
0x00007ffc8f230000 - 0x00007ffc8f30a000 	C:\WINDOWS\System32\SHCORE.dll
0x00007ffc8fcd0000 - 0x00007ffc8fd2d000 	C:\WINDOWS\System32\shlwapi.dll
0x00007ffc8d060000 - 0x00007ffc8d08e000 	C:\WINDOWS\SYSTEM32\profapi.dll
0x00007ffc82850000 - 0x00007ffc82869000 	C:\Users\Asus\.vscode\extensions\redhat.java-1.37.0-win32-x64\jre\17.0.13-win32-x86_64\bin\net.dll
0x00007ffc88950000 - 0x00007ffc88a76000 	C:\WINDOWS\SYSTEM32\WINHTTP.dll
0x00007ffc8c490000 - 0x00007ffc8c4f8000 	C:\WINDOWS\system32\mswsock.dll
0x00007ffc81eb0000 - 0x00007ffc81ec6000 	C:\Users\Asus\.vscode\extensions\redhat.java-1.37.0-win32-x64\jre\17.0.13-win32-x86_64\bin\nio.dll
0x00007ffc82700000 - 0x00007ffc82710000 	c:\Users\Asus\.vscode\extensions\redhat.java-1.37.0-win32-x64\jre\17.0.13-win32-x86_64\bin\verify.dll
0x00007ffc44320000 - 0x00007ffc44365000 	C:\Users\Asus\AppData\Roaming\Code\User\globalStorage\redhat.java\1.37.0\config_win\org.eclipse.equinox.launcher\org.eclipse.equinox.launcher.win32.win32.x86_64_1.2.1100.v20240722-2106\eclipse_11904.dll
0x00007ffc8e750000 - 0x00007ffc8e8e9000 	C:\WINDOWS\System32\ole32.dll
0x00007ffc8c7a0000 - 0x00007ffc8c7bc000 	C:\WINDOWS\SYSTEM32\CRYPTSP.dll
0x00007ffc8bef0000 - 0x00007ffc8bf28000 	C:\WINDOWS\system32\rsaenh.dll
0x00007ffc8c530000 - 0x00007ffc8c55b000 	C:\WINDOWS\SYSTEM32\USERENV.dll
0x00007ffc8ca00000 - 0x00007ffc8ca26000 	C:\WINDOWS\SYSTEM32\bcrypt.dll
0x00007ffc8c7c0000 - 0x00007ffc8c7cc000 	C:\WINDOWS\SYSTEM32\CRYPTBASE.dll
0x00007ffc8ba80000 - 0x00007ffc8bab2000 	C:\WINDOWS\SYSTEM32\IPHLPAPI.DLL
0x00007ffc8e940000 - 0x00007ffc8e94a000 	C:\WINDOWS\System32\NSI.dll
0x00007ffc89820000 - 0x00007ffc8983e000 	C:\WINDOWS\SYSTEM32\dhcpcsvc6.DLL
0x00007ffc897e0000 - 0x00007ffc89805000 	C:\WINDOWS\SYSTEM32\dhcpcsvc.DLL
0x00007ffc8bac0000 - 0x00007ffc8bbe5000 	C:\WINDOWS\SYSTEM32\DNSAPI.dll
0x00007ffc3b700000 - 0x00007ffc3b749000 	C:\Users\Asus\AppData\Local\Temp\jna-2050672\jna16394675061927838498.dll
0x00007ffc8fd30000 - 0x00007ffc8fd38000 	C:\WINDOWS\System32\PSAPI.DLL

dbghelp: loaded successfully - version: 4.0.5 - missing functions: none
symbol engine: initialized successfully - sym options: 0x614 - pdb path: .;c:\Users\Asus\.vscode\extensions\redhat.java-1.37.0-win32-x64\jre\17.0.13-win32-x86_64\bin;C:\WINDOWS\SYSTEM32;C:\WINDOWS\WinSxS\amd64_microsoft.windows.common-controls_6595b64144ccf1df_6.0.26100.2454_none_3e0b68a2e331ad60;c:\Users\Asus\.vscode\extensions\redhat.java-1.37.0-win32-x64\jre\17.0.13-win32-x86_64\bin\server;C:\Users\Asus\AppData\Roaming\Code\User\globalStorage\redhat.java\1.37.0\config_win\org.eclipse.equinox.launcher\org.eclipse.equinox.launcher.win32.win32.x86_64_1.2.1100.v20240722-2106;C:\Users\Asus\AppData\Local\Temp\jna-2050672

VM Arguments:
jvm_args: --add-modules=ALL-SYSTEM --add-opens=java.base/java.util=ALL-UNNAMED --add-opens=java.base/java.lang=ALL-UNNAMED --add-opens=java.base/sun.nio.fs=ALL-UNNAMED -Declipse.application=org.eclipse.jdt.ls.core.id1 -Dosgi.bundles.defaultStartLevel=4 -Declipse.product=org.eclipse.jdt.ls.core.product -Djava.import.generatesMetadataFilesAtProjectRoot=false -DDetectVMInstallationsJob.disabled=true -Dfile.encoding=utf8 -XX:+UseParallelGC -XX:GCTimeRatio=4 -XX:AdaptiveSizePolicyWeight=90 -Dsun.zip.disableMemoryMapping=true -Xmx1G -Xms100m -Xlog:disable -javaagent:c:\Users\Asus\.vscode\extensions\redhat.java-1.37.0-win32-x64\lombok\lombok-1.18.34.jar -XX:+HeapDumpOnOutOfMemoryError -XX:HeapDumpPath=c:\Users\Asus\AppData\Roaming\Code\User\workspaceStorage\cc4971f69765495d5069a7ee02c1ab4a\redhat.java -Daether.dependencyCollector.impl=bf 
java_command: c:\Users\Asus\.vscode\extensions\redhat.java-1.37.0-win32-x64\server\plugins\org.eclipse.equinox.launcher_1.6.900.v20240613-2009.jar -configuration c:\Users\Asus\AppData\Roaming\Code\User\globalStorage\redhat.java\1.37.0\config_win -data c:\Users\Asus\AppData\Roaming\Code\User\workspaceStorage\cc4971f69765495d5069a7ee02c1ab4a\redhat.java\jdt_ws --pipe=\\.\pipe\lsp-b0987e64940930e61ba2fb708e4e00bb-sock
java_class_path (initial): c:\Users\Asus\.vscode\extensions\redhat.java-1.37.0-win32-x64\server\plugins\org.eclipse.equinox.launcher_1.6.900.v20240613-2009.jar
Launcher Type: SUN_STANDARD

[Global flags]
    uintx AdaptiveSizePolicyWeight                 = 90                                        {product} {command line}
     intx CICompilerCount                          = 4                                         {product} {ergonomic}
    uintx GCTimeRatio                              = 4                                         {product} {command line}
     bool HeapDumpOnOutOfMemoryError               = true                                   {manageable} {command line}
    ccstr HeapDumpPath                             = c:\Users\Asus\AppData\Roaming\Code\User\workspaceStorage\cc4971f69765495d5069a7ee02c1ab4a\redhat.java         {manageable} {command line}
   size_t InitialHeapSize                          = 104857600                                 {product} {command line}
   size_t MaxHeapSize                              = 1073741824                                {product} {command line}
   size_t MaxNewSize                               = 357564416                                 {product} {ergonomic}
   size_t MinHeapDeltaBytes                        = 524288                                    {product} {ergonomic}
   size_t MinHeapSize                              = 104857600                                 {product} {command line}
   size_t NewSize                                  = 34603008                                  {product} {ergonomic}
    uintx NonNMethodCodeHeapSize                   = 5839372                                {pd product} {ergonomic}
    uintx NonProfiledCodeHeapSize                  = 122909434                              {pd product} {ergonomic}
   size_t OldSize                                  = 70254592                                  {product} {ergonomic}
    uintx ProfiledCodeHeapSize                     = 122909434                              {pd product} {ergonomic}
    uintx ReservedCodeCacheSize                    = 251658240                              {pd product} {ergonomic}
     bool SegmentedCodeCache                       = true                                      {product} {ergonomic}
   size_t SoftMaxHeapSize                          = 1073741824                             {manageable} {ergonomic}
     bool UseCompressedClassPointers               = true                           {product lp64_product} {ergonomic}
     bool UseCompressedOops                        = true                           {product lp64_product} {ergonomic}
     bool UseLargePagesIndividualAllocation        = false                                  {pd product} {ergonomic}
     bool UseParallelGC                            = true                                      {product} {command line}

Logging:
Log output configuration:
 #0: stdout all=off uptime,level,tags
 #1: stderr all=off uptime,level,tags

Environment Variables:
JAVA_HOME=C:\Users\Asus\AppData\Local\Programs\Eclipse Adoptium\jdk-17.0.6.10-hotspot\
PATH=C:\WINDOWS\system32;C:\WINDOWS;C:\WINDOWS\System32\Wbem;C:\WINDOWS\System32\WindowsPowerShell\v1.0\;C:\WINDOWS\System32\OpenSSH\;C:\MinGW\bin;C:\Program Files (x86)\Microsoft SQL Server\160\Tools\Binn\;C:\Program Files\Microsoft SQL Server\160\Tools\Binn\;C:\Program Files\Microsoft SQL Server\Client SDK\ODBC\170\Tools\Binn\;C:\Program Files\Microsoft SQL Server\160\DTS\Binn\;C:\Program Files\Azure Data Studio\bin;C:\Program Files\Git\cmd;C:\Program Files\nodejs\;C:\Users\Asus\AppData\Local\Programs\Eclipse Adoptium\jdk-17.0.6.10-hotspot\bin;C:\Users\Asus\AppData\Local\Programs\Python\Python311\Scripts\;C:\Users\Asus\AppData\Local\Programs\Python\Python311\;C:\Users\Asus\AppData\Local\Microsoft\WindowsApps;C:\Users\Asus\AppData\Local\Programs\Microsoft VS Code\bin;C:\Program Files\JetBrains\PyCharm Community Edition 2022.3.2\bin;;C:\Program Files\Azure Data Studio\bin;C:\Users\Asus\AppData\Local\GitHubDesktop\bin;C:\Users\Asus\AppData\Roaming\npm;
USERNAME=Asus
OS=Windows_NT
PROCESSOR_IDENTIFIER=Intel64 Family 6 Model 140 Stepping 1, GenuineIntel
TMP=C:\Users\Asus\AppData\Local\Temp
TEMP=C:\Users\Asus\AppData\Local\Temp



Periodic native trim disabled


---------------  S Y S T E M  ---------------

OS:
 Windows 11 , 64 bit Build 26100 (10.0.26100.2454)
OS uptime: 2 days 9:16 hours

CPU: total 8 (initial active 8) (4 cores per cpu, 2 threads per core) family 6 model 140 stepping 1 microcode 0x86, cx8, cmov, fxsr, ht, mmx, 3dnowpref, sse, sse2, sse3, ssse3, sse4.1, sse4.2, popcnt, lzcnt, tsc, tscinvbit, avx, avx2, aes, erms, clmul, bmi1, bmi2, adx, avx512f, avx512dq, avx512cd, avx512bw, avx512vl, sha, fma, vzeroupper, avx512_vpopcntdq, avx512_vpclmulqdq, avx512_vaes, avx512_vnni, clflush, clflushopt, clwb, avx512_vbmi2, avx512_vbmi
Processor Information for all 8 processors :
  Max Mhz: 2419, Current Mhz: 2419, Mhz Limit: 2419

Memory: 4k page, system-wide physical 7886M (628M free)
TotalPageFile size 16316M (AvailPageFile size 142M)
current process WorkingSet (physical memory assigned to process): 194M, peak: 194M
current process commit charge ("private bytes"): 287M, peak: 287M

vm_info: OpenJDK 64-Bit Server VM (17.0.13+11) for windows-amd64 JRE (17.0.13+11), built on Oct 16 2024 00:10:08 by "admin" with MS VC++ 17.7 (VS2022)

END.
