#
# There is insufficient memory for the Java Runtime Environment to continue.
# Native memory allocation (malloc) failed to allocate 107056 bytes. Error detail: Chunk::new
# Possible reasons:
#   The system is out of physical RAM or swap space
#   This process is running with CompressedOops enabled, and the Java Heap may be blocking the growth of the native heap
# Possible solutions:
#   Reduce memory load on the system
#   Increase physical memory or swap space
#   Check if swap backing store is full
#   Decrease Java heap size (-Xmx/-Xms)
#   Decrease number of Java threads
#   Decrease Java thread stack sizes (-Xss)
#   Set larger code cache with -XX:ReservedCodeCacheSize=
#   JVM is running with Unscaled Compressed Oops mode in which the Java heap is
#     placed in the first 4GB address space. The Java Heap base address is the
#     maximum limit for the native heap growth. Please use -XX:HeapBaseMinAddress
#     to set the Java Heap base and to place the Java Heap above 4GB virtual address.
# This output file may be truncated or incomplete.
#
#  Out of Memory Error (arena.cpp:168), pid=5320, tid=14788
#
# JRE version: OpenJDK Runtime Environment Temurin-21.0.5+11 (21.0.5+11) (build 21.0.5+11-LTS)
# Java VM: OpenJDK 64-Bit Server VM Temurin-21.0.5+11 (21.0.5+11-LTS, mixed mode, sharing, tiered, compressed oops, compressed class ptrs, parallel gc, windows-amd64)
# No core dump will be written. Minidumps are not enabled by default on client versions of Windows
#

---------------  S U M M A R Y ------------

Command Line: --add-modules=ALL-SYSTEM --add-opens=java.base/java.util=ALL-UNNAMED --add-opens=java.base/java.lang=ALL-UNNAMED --add-opens=java.base/sun.nio.fs=ALL-UNNAMED -Declipse.application=org.eclipse.jdt.ls.core.id1 -Dosgi.bundles.defaultStartLevel=4 -Declipse.product=org.eclipse.jdt.ls.core.product -Djava.import.generatesMetadataFilesAtProjectRoot=false -DDetectVMInstallationsJob.disabled=true -Dfile.encoding=utf8 -XX:+UseParallelGC -XX:GCTimeRatio=4 -XX:AdaptiveSizePolicyWeight=90 -Dsun.zip.disableMemoryMapping=true -Xmx1G -Xms100m -Xlog:disable -javaagent:c:\Users\Asus\.vscode\extensions\redhat.java-1.39.0-win32-x64\lombok\lombok-1.18.34.jar c:\Users\Asus\.vscode\extensions\redhat.java-1.39.0-win32-x64\server\plugins\org.eclipse.equinox.launcher_1.6.900.v20240613-2009.jar -configuration c:\Users\Asus\AppData\Roaming\Code\User\globalStorage\redhat.java\1.39.0\config_ss_win -data c:\Users\Asus\AppData\Roaming\Code\User\workspaceStorage\cc4971f69765495d5069a7ee02c1ab4a\redhat.java\ss_ws --pipe=\\.\pipe\lsp-ac1c90381bfbbef895afb4c85cf8b6b2-sock

Host: 11th Gen Intel(R) Core(TM) i5-1135G7 @ 2.40GHz, 8 cores, 7G,  Windows 11 , 64 bit Build 26100 (10.0.26100.2454)
Time: Thu Feb 13 13:33:16 2025 India Standard Time elapsed time: 0.645961 seconds (0d 0h 0m 0s)

---------------  T H R E A D  ---------------

Current thread (0x0000024dfb2f6500):  JavaThread "C2 CompilerThread1" daemon [_thread_in_native, id=14788, stack(0x0000008b19d00000,0x0000008b19e00000) (1024K)]


Current CompileTask:
C2:646  669       4       java.util.Collections$UnmodifiableCollection::iterator (9 bytes)

Stack: [0x0000008b19d00000,0x0000008b19e00000]
Native frames: (J=compiled Java code, j=interpreted, Vv=VM code, C=native code)
V  [jvm.dll+0x6cd4e9]
V  [jvm.dll+0x8a7941]
V  [jvm.dll+0x8a9e6e]
V  [jvm.dll+0x8aa543]
V  [jvm.dll+0x27f6d6]
V  [jvm.dll+0xc500d]
V  [jvm.dll+0xc5543]
V  [jvm.dll+0x2f2a9d]
V  [jvm.dll+0x5f67ea]
V  [jvm.dll+0x250b82]
V  [jvm.dll+0x24963f]
V  [jvm.dll+0x246ea4]
V  [jvm.dll+0x1c75ce]
V  [jvm.dll+0x25682a]
V  [jvm.dll+0x254dca]
V  [jvm.dll+0x3f00d6]
V  [jvm.dll+0x8514fb]
V  [jvm.dll+0x6cbbed]
C  [ucrtbase.dll+0x14ea0]
C  [KERNEL32.DLL+0x2e8d7]
C  [ntdll.dll+0xdfbcc]


---------------  P R O C E S S  ---------------

Threads class SMR info:
_java_thread_list=0x0000024dfb22cae0, length=13, elements={
0x0000024defd6a920, 0x0000024df527f670, 0x0000024df5282250, 0x0000024df528a550,
0x0000024df528f360, 0x0000024df528f9c0, 0x0000024df5290020, 0x0000024df5292a70,
0x0000024dfb008120, 0x0000024dfb0b8f00, 0x0000024dfb2f6500, 0x0000024dfb2f6ba0,
0x0000024dfb344710
}

Java Threads: ( => current thread )
  0x0000024defd6a920 JavaThread "main"                              [_thread_in_vm, id=17352, stack(0x0000008b19000000,0x0000008b19100000) (1024K)]
  0x0000024df527f670 JavaThread "Reference Handler"          daemon [_thread_blocked, id=14928, stack(0x0000008b19400000,0x0000008b19500000) (1024K)]
  0x0000024df5282250 JavaThread "Finalizer"                  daemon [_thread_blocked, id=20188, stack(0x0000008b19500000,0x0000008b19600000) (1024K)]
  0x0000024df528a550 JavaThread "Signal Dispatcher"          daemon [_thread_blocked, id=17120, stack(0x0000008b19600000,0x0000008b19700000) (1024K)]
  0x0000024df528f360 JavaThread "Attach Listener"            daemon [_thread_blocked, id=17764, stack(0x0000008b19700000,0x0000008b19800000) (1024K)]
  0x0000024df528f9c0 JavaThread "Service Thread"             daemon [_thread_blocked, id=23152, stack(0x0000008b19800000,0x0000008b19900000) (1024K)]
  0x0000024df5290020 JavaThread "Monitor Deflation Thread"   daemon [_thread_blocked, id=1832, stack(0x0000008b19900000,0x0000008b19a00000) (1024K)]
  0x0000024df5292a70 JavaThread "C2 CompilerThread0"         daemon [_thread_in_native, id=16072, stack(0x0000008b19a00000,0x0000008b19b00000) (1024K)]
  0x0000024dfb008120 JavaThread "C1 CompilerThread0"         daemon [_thread_blocked, id=18328, stack(0x0000008b19b00000,0x0000008b19c00000) (1024K)]
  0x0000024dfb0b8f00 JavaThread "Common-Cleaner"             daemon [_thread_blocked, id=21512, stack(0x0000008b19c00000,0x0000008b19d00000) (1024K)]
=>0x0000024dfb2f6500 JavaThread "C2 CompilerThread1"         daemon [_thread_in_native, id=14788, stack(0x0000008b19d00000,0x0000008b19e00000) (1024K)]
  0x0000024dfb2f6ba0 JavaThread "C2 CompilerThread2"         daemon [_thread_in_native, id=21192, stack(0x0000008b19e00000,0x0000008b19f00000) (1024K)]
  0x0000024dfb344710 JavaThread "Notification Thread"        daemon [_thread_blocked, id=6412, stack(0x0000008b19f00000,0x0000008b1a000000) (1024K)]
Total: 13

Other Threads:
  0x0000024defe2ea20 VMThread "VM Thread"                           [id=2908, stack(0x0000008b19300000,0x0000008b19400000) (1024K)]
  0x0000024defdd8910 WatcherThread "VM Periodic Task Thread"        [id=18048, stack(0x0000008b19200000,0x0000008b19300000) (1024K)]
  0x0000024defd8abc0 WorkerThread "GC Thread#0"                     [id=7412, stack(0x0000008b19100000,0x0000008b19200000) (1024K)]
Total: 3

Threads with active compile tasks:
C2 CompilerThread0  673  668       4       lombok.patcher.PatchScript::classMatches (41 bytes)
C2 CompilerThread1  673  669       4       java.util.Collections$UnmodifiableCollection::iterator (9 bytes)
C2 CompilerThread2  673  643       4       lombok.patcher.scripts.MethodLevelPatchScript::patch (21 bytes)
Total: 3

VM state: not at safepoint (normal execution)

VM Mutex/Monitor currently owned by a thread: None

Heap address: 0x00000000c0000000, size: 1024 MB, Compressed Oops mode: 32-bit

CDS archive(s) mapped at: [0x0000024d8f000000-0x0000024d8fba0000-0x0000024d8fba0000), size 12189696, SharedBaseAddress: 0x0000024d8f000000, ArchiveRelocationMode: 1.
Compressed class space mapped at: 0x0000024d90000000-0x0000024dd0000000, reserved size: 1073741824
Narrow klass base: 0x0000024d8f000000, Narrow klass shift: 0, Narrow klass range: 0x100000000

GC Precious Log:
 CardTable entry size: 512
 CPUs: 8 total, 8 available
 Memory: 7886M
 Large Page Support: Disabled
 NUMA Support: Disabled
 Compressed Oops: Enabled (32-bit)
 Alignments: Space 512K, Generation 512K, Heap 2M
 Heap Min Capacity: 100M
 Heap Initial Capacity: 100M
 Heap Max Capacity: 1G
 Pre-touch: Disabled
 Parallel Workers: 8

Heap:
 PSYoungGen      total 29696K, used 14568K [0x00000000eab00000, 0x00000000ecc00000, 0x0000000100000000)
  eden space 25600K, 56% used [0x00000000eab00000,0x00000000eb93a2b8,0x00000000ec400000)
  from space 4096K, 0% used [0x00000000ec800000,0x00000000ec800000,0x00000000ecc00000)
  to   space 4096K, 0% used [0x00000000ec400000,0x00000000ec400000,0x00000000ec800000)
 ParOldGen       total 68608K, used 0K [0x00000000c0000000, 0x00000000c4300000, 0x00000000eab00000)
  object space 68608K, 0% used [0x00000000c0000000,0x00000000c0000000,0x00000000c4300000)
 Metaspace       used 2732K, committed 2944K, reserved 1114112K
  class space    used 279K, committed 384K, reserved 1048576K

Card table byte_map: [0x0000024def620000,0x0000024def830000] _byte_map_base: 0x0000024def020000

Marking Bits: (ParMarkBitMap*) 0x00007ffca42b2250
 Begin Bits: [0x0000024df30c0000, 0x0000024df40c0000)
 End Bits:   [0x0000024df40c0000, 0x0000024df50c0000)

Polling page: 0x0000024dedc50000

Metaspace:

Usage:
  Non-class:      2.40 MB used.
      Class:    279.17 KB used.
       Both:      2.67 MB used.

Virtual space:
  Non-class space:       64.00 MB reserved,       2.50 MB (  4%) committed,  1 nodes.
      Class space:        1.00 GB reserved,     384.00 KB ( <1%) committed,  1 nodes.
             Both:        1.06 GB reserved,       2.88 MB ( <1%) committed. 

Chunk freelists:
   Non-Class:  11.65 MB
       Class:  15.67 MB
        Both:  27.32 MB

MaxMetaspaceSize: unlimited
CompressedClassSpaceSize: 1.00 GB
Initial GC threshold: 21.00 MB
Current GC threshold: 21.00 MB
CDS: on
 - commit_granule_bytes: 65536.
 - commit_granule_words: 8192.
 - virtual_space_node_default_size: 8388608.
 - enlarge_chunks_in_place: 1.
 - use_allocation_guard: 0.


Internal statistics:

num_allocs_failed_limit: 0.
num_arena_births: 80.
num_arena_deaths: 0.
num_vsnodes_births: 2.
num_vsnodes_deaths: 0.
num_space_committed: 46.
num_space_uncommitted: 0.
num_chunks_returned_to_freelist: 0.
num_chunks_taken_from_freelist: 102.
num_chunk_merges: 0.
num_chunk_splits: 71.
num_chunks_enlarged: 46.
num_inconsistent_stats: 0.

CodeHeap 'non-profiled nmethods': size=120000Kb used=254Kb max_used=254Kb free=119745Kb
 bounds [0x0000024d87ad0000, 0x0000024d87d40000, 0x0000024d8f000000]
CodeHeap 'profiled nmethods': size=120000Kb used=992Kb max_used=992Kb free=119007Kb
 bounds [0x0000024d80000000, 0x0000024d80270000, 0x0000024d87530000]
CodeHeap 'non-nmethods': size=5760Kb used=1192Kb max_used=1211Kb free=4568Kb
 bounds [0x0000024d87530000, 0x0000024d877a0000, 0x0000024d87ad0000]
 total_blobs=1123 nmethods=683 adapters=347
 compilation: enabled
              stopped_count=0, restarted_count=0
 full_count=0

Compilation events (20 events):
Event: 0.629 Thread 0x0000024dfb008120  666       3       java.util.regex.Pattern::peek (26 bytes)
Event: 0.629 Thread 0x0000024dfb008120 nmethod 666 0x0000024d800f0710 code [0x0000024d800f08c0, 0x0000024d800f0b18]
Event: 0.630 Thread 0x0000024dfb008120  667       3       java.lang.invoke.LambdaForm$NamedFunction::returnType (11 bytes)
Event: 0.631 Thread 0x0000024dfb2f6500 nmethod 657 0x0000024d87b0c690 code [0x0000024d87b0c820, 0x0000024d87b0cb00]
Event: 0.631 Thread 0x0000024dfb2f6500  660       4       java.lang.Integer::parseInt (264 bytes)
Event: 0.631 Thread 0x0000024df5292a70 nmethod 658 0x0000024d87b0cc90 code [0x0000024d87b0ce60, 0x0000024d87b0d4e8]
Event: 0.631 Thread 0x0000024dfb008120 nmethod 667 0x0000024d800f0c10 code [0x0000024d800f0e20, 0x0000024d800f1338]
Event: 0.631 Thread 0x0000024df5292a70  663       4       java.lang.StringLatin1::newString (24 bytes)
Event: 0.636 Thread 0x0000024df5292a70 nmethod 663 0x0000024d87b0d890 code [0x0000024d87b0da40, 0x0000024d87b0dfa8]
Event: 0.636 Thread 0x0000024df5292a70  668       4       lombok.patcher.PatchScript::classMatches (41 bytes)
Event: 0.637 Thread 0x0000024dfb2f6500 nmethod 660 0x0000024d87b0e210 code [0x0000024d87b0e3e0, 0x0000024d87b0e7c8]
Event: 0.637 Thread 0x0000024dfb2f6500  669       4       java.util.Collections$UnmodifiableCollection::iterator (9 bytes)
Event: 0.637 Thread 0x0000024dfb008120  670       3       sun.security.util.DerInputStream::available (10 bytes)
Event: 0.637 Thread 0x0000024dfb008120 nmethod 670 0x0000024d800f1590 code [0x0000024d800f1720, 0x0000024d800f1830]
Event: 0.639 Thread 0x0000024dfb008120  672       3       java.util.jar.Manifest$FastInputStream::readLine (296 bytes)
Event: 0.640 Thread 0x0000024dfb008120 nmethod 672 0x0000024d800f1890 code [0x0000024d800f1ac0, 0x0000024d800f2328]
Event: 0.640 Thread 0x0000024dfb008120  674       3       java.util.Objects::checkFromIndexSize (8 bytes)
Event: 0.641 Thread 0x0000024dfb008120 nmethod 674 0x0000024d800f2690 code [0x0000024d800f2840, 0x0000024d800f2a48]
Event: 0.641 Thread 0x0000024dfb008120  675  s    3       java.io.ByteArrayOutputStream::write (32 bytes)
Event: 0.641 Thread 0x0000024dfb008120 nmethod 675 0x0000024d800f2b90 code [0x0000024d800f2d40, 0x0000024d800f2f90]

GC Heap History (0 events):
No events

Dll operation events (8 events):
Event: 0.061 Loaded shared library c:\Users\Asus\.vscode\extensions\redhat.java-1.39.0-win32-x64\jre\21.0.5-win32-x86_64\bin\java.dll
Event: 0.176 Loaded shared library c:\Users\Asus\.vscode\extensions\redhat.java-1.39.0-win32-x64\jre\21.0.5-win32-x86_64\bin\zip.dll
Event: 0.202 Loaded shared library C:\Users\Asus\.vscode\extensions\redhat.java-1.39.0-win32-x64\jre\21.0.5-win32-x86_64\bin\instrument.dll
Event: 0.208 Loaded shared library C:\Users\Asus\.vscode\extensions\redhat.java-1.39.0-win32-x64\jre\21.0.5-win32-x86_64\bin\net.dll
Event: 0.211 Loaded shared library C:\Users\Asus\.vscode\extensions\redhat.java-1.39.0-win32-x64\jre\21.0.5-win32-x86_64\bin\nio.dll
Event: 0.216 Loaded shared library C:\Users\Asus\.vscode\extensions\redhat.java-1.39.0-win32-x64\jre\21.0.5-win32-x86_64\bin\zip.dll
Event: 0.242 Loaded shared library C:\Users\Asus\.vscode\extensions\redhat.java-1.39.0-win32-x64\jre\21.0.5-win32-x86_64\bin\jimage.dll
Event: 0.337 Loaded shared library c:\Users\Asus\.vscode\extensions\redhat.java-1.39.0-win32-x64\jre\21.0.5-win32-x86_64\bin\verify.dll

Deoptimization events (20 events):
Event: 0.472 Thread 0x0000024defd6a920 DEOPT PACKING pc=0x0000024d80033d7f sp=0x0000008b190fa3a0
Event: 0.472 Thread 0x0000024defd6a920 DEOPT UNPACKING pc=0x0000024d875878e2 sp=0x0000008b190f9850 mode 0
Event: 0.474 Thread 0x0000024defd6a920 DEOPT PACKING pc=0x0000024d80033e58 sp=0x0000008b190fa730
Event: 0.474 Thread 0x0000024defd6a920 DEOPT UNPACKING pc=0x0000024d875878e2 sp=0x0000008b190f9bf0 mode 0
Event: 0.475 Thread 0x0000024defd6a920 DEOPT PACKING pc=0x0000024d80033e58 sp=0x0000008b190f9fb0
Event: 0.475 Thread 0x0000024defd6a920 DEOPT UNPACKING pc=0x0000024d875878e2 sp=0x0000008b190f9470 mode 0
Event: 0.476 Thread 0x0000024defd6a920 DEOPT PACKING pc=0x0000024d80033e58 sp=0x0000008b190fa9f0
Event: 0.476 Thread 0x0000024defd6a920 DEOPT UNPACKING pc=0x0000024d875878e2 sp=0x0000008b190f9eb0 mode 0
Event: 0.587 Thread 0x0000024defd6a920 Uncommon trap: trap_request=0xffffff45 fr.pc=0x0000024d87b040ec relative=0x000000000000014c
Event: 0.587 Thread 0x0000024defd6a920 Uncommon trap: reason=unstable_if action=reinterpret pc=0x0000024d87b040ec method=jdk.internal.util.ArraysSupport.vectorizedHashCode(Ljava/lang/Object;IIII)I @ 2 c2
Event: 0.587 Thread 0x0000024defd6a920 DEOPT PACKING pc=0x0000024d87b040ec sp=0x0000008b190fc8a0
Event: 0.587 Thread 0x0000024defd6a920 DEOPT UNPACKING pc=0x0000024d87586da2 sp=0x0000008b190fc850 mode 2
Event: 0.591 Thread 0x0000024defd6a920 Uncommon trap: trap_request=0xffffff3d fr.pc=0x0000024d87affb14 relative=0x0000000000000594
Event: 0.591 Thread 0x0000024defd6a920 Uncommon trap: reason=unstable_fused_if action=reinterpret pc=0x0000024d87affb14 method=java.util.HashMap.resize()[Ljava/util/HashMap$Node; @ 31 c2
Event: 0.591 Thread 0x0000024defd6a920 DEOPT PACKING pc=0x0000024d87affb14 sp=0x0000008b190fd710
Event: 0.591 Thread 0x0000024defd6a920 DEOPT UNPACKING pc=0x0000024d87586da2 sp=0x0000008b190fd668 mode 2
Event: 0.597 Thread 0x0000024defd6a920 Uncommon trap: trap_request=0xffffff45 fr.pc=0x0000024d87af3f74 relative=0x00000000000000d4
Event: 0.597 Thread 0x0000024defd6a920 Uncommon trap: reason=unstable_if action=reinterpret pc=0x0000024d87af3f74 method=java.net.URI.match(CJJ)Z @ 45 c2
Event: 0.597 Thread 0x0000024defd6a920 DEOPT PACKING pc=0x0000024d87af3f74 sp=0x0000008b190fcb40
Event: 0.597 Thread 0x0000024defd6a920 DEOPT UNPACKING pc=0x0000024d87586da2 sp=0x0000008b190fcaa8 mode 2

Classes loaded (20 events):
Event: 0.627 Loading class sun/security/util/DisabledAlgorithmConstraints$Constraints$Holder
Event: 0.627 Loading class sun/security/util/DisabledAlgorithmConstraints$Constraints$Holder done
Event: 0.629 Loading class java/util/regex/Pattern$BnM
Event: 0.629 Loading class java/util/regex/Pattern$BnM done
Event: 0.629 Loading class java/util/regex/Pattern$SliceS
Event: 0.629 Loading class java/util/regex/Pattern$SliceS done
Event: 0.629 Loading class sun/security/util/DisabledAlgorithmConstraints$DenyAfterConstraint
Event: 0.629 Loading class sun/security/util/DisabledAlgorithmConstraints$DenyAfterConstraint done
Event: 0.632 Loading class java/time/ZonedDateTime
Event: 0.632 Loading class java/time/chrono/ChronoZonedDateTime
Event: 0.633 Loading class java/time/chrono/ChronoZonedDateTime done
Event: 0.633 Loading class java/time/ZonedDateTime done
Event: 0.636 Loading class java/time/zone/ZoneOffsetTransition
Event: 0.636 Loading class java/time/zone/ZoneOffsetTransition done
Event: 0.636 Loading class java/util/Collections$SingletonList
Event: 0.637 Loading class java/util/Collections$SingletonList done
Event: 0.637 Loading class sun/security/pkcs/PKCS9Attributes
Event: 0.638 Loading class sun/security/pkcs/PKCS9Attributes done
Event: 0.638 Loading class sun/security/pkcs/PKCS9Attribute
Event: 0.638 Loading class sun/security/pkcs/PKCS9Attribute done

Classes unloaded (0 events):
No events

Classes redefined (0 events):
No events

Internal exceptions (12 events):
Event: 0.164 Thread 0x0000024defd6a920 Exception <a 'java/lang/NoSuchMethodError'{0x00000000ead2bde0}: 'void java.lang.invoke.DirectMethodHandle$Holder.invokeStatic(java.lang.Object, java.lang.Object, java.lang.Object)'> (0x00000000ead2bde0) 
thrown [s\src\hotspot\share\interpreter\linkResolver.cpp, line 773]
Event: 0.229 Thread 0x0000024defd6a920 Exception <a 'java/lang/NoSuchMethodError'{0x00000000eae99040}: 'java.lang.Object java.lang.invoke.Invokers$Holder.invokeExact_MT(java.lang.Object, java.lang.Object, java.lang.Object, java.lang.Object, java.lang.Object)'> (0x00000000eae99040) 
thrown [s\src\hotspot\share\interpreter\linkResolver.cpp, line 773]
Event: 0.279 Thread 0x0000024defd6a920 Exception <a 'java/lang/NoSuchMethodError'{0x00000000eaf51618}: 'int java.lang.invoke.DirectMethodHandle$Holder.invokeSpecial(java.lang.Object, java.lang.Object, java.lang.Object, int)'> (0x00000000eaf51618) 
thrown [s\src\hotspot\share\interpreter\linkResolver.cpp, line 773]
Event: 0.283 Thread 0x0000024defd6a920 Exception <a 'java/lang/NoSuchMethodError'{0x00000000eaf64000}: 'java.lang.Object java.lang.invoke.DirectMethodHandle$Holder.invokeStatic(java.lang.Object, java.lang.Object, java.lang.Object, java.lang.Object, int)'> (0x00000000eaf64000) 
thrown [s\src\hotspot\share\interpreter\linkResolver.cpp, line 773]
Event: 0.284 Thread 0x0000024defd6a920 Exception <a 'java/lang/NoSuchMethodError'{0x00000000eaf6f440}: 'void java.lang.invoke.DelegatingMethodHandle$Holder.reinvoke_L(java.lang.Object, java.lang.Object, java.lang.Object, int, java.lang.Object)'> (0x00000000eaf6f440) 
thrown [s\src\hotspot\share\interpreter\linkResolver.cpp, line 773]
Event: 0.288 Thread 0x0000024defd6a920 Exception <a 'java/lang/NoSuchMethodError'{0x00000000eaf7fd90}: 'int java.lang.invoke.DirectMethodHandle$Holder.invokeSpecial(java.lang.Object, java.lang.Object, java.lang.Object)'> (0x00000000eaf7fd90) 
thrown [s\src\hotspot\share\interpreter\linkResolver.cpp, line 773]
Event: 0.291 Thread 0x0000024defd6a920 Exception <a 'java/lang/NoSuchMethodError'{0x00000000eaf8bd60}: 'java.lang.Object java.lang.invoke.DirectMethodHandle$Holder.invokeStatic(java.lang.Object, java.lang.Object, int)'> (0x00000000eaf8bd60) 
thrown [s\src\hotspot\share\interpreter\linkResolver.cpp, line 773]
Event: 0.291 Thread 0x0000024defd6a920 Exception <a 'java/lang/NoSuchMethodError'{0x00000000eaf906b0}: 'void java.lang.invoke.DirectMethodHandle$Holder.invokeStatic(java.lang.Object, java.lang.Object, int, java.lang.Object)'> (0x00000000eaf906b0) 
thrown [s\src\hotspot\share\interpreter\linkResolver.cpp, line 773]
Event: 0.292 Thread 0x0000024defd6a920 Exception <a 'java/lang/NoSuchMethodError'{0x00000000eaf94240}: 'void java.lang.invoke.DirectMethodHandle$Holder.invokeSpecial(java.lang.Object, java.lang.Object, java.lang.Object, int, java.lang.Object)'> (0x00000000eaf94240) 
thrown [s\src\hotspot\share\interpreter\linkResolver.cpp, line 773]
Event: 0.292 Thread 0x0000024defd6a920 Exception <a 'java/lang/NoSuchMethodError'{0x00000000eaf976b0}: 'void java.lang.invoke.DelegatingMethodHandle$Holder.delegate(java.lang.Object, java.lang.Object, int, java.lang.Object)'> (0x00000000eaf976b0) 
thrown [s\src\hotspot\share\interpreter\linkResolver.cpp, line 773]
Event: 0.369 Thread 0x0000024defd6a920 Exception <a 'java/lang/NoSuchMethodError'{0x00000000eb154940}: 'void java.lang.invoke.DelegatingMethodHandle$Holder.reinvoke_L(java.lang.Object, java.lang.Object, java.lang.Object, int)'> (0x00000000eb154940) 
thrown [s\src\hotspot\share\interpreter\linkResolver.cpp, line 773]
Event: 0.577 Thread 0x0000024defd6a920 Exception <a 'java/lang/NoSuchMethodError'{0x00000000eb5d8458}: 'void java.lang.invoke.DirectMethodHandle$Holder.invokeVirtual(java.lang.Object, java.lang.Object)'> (0x00000000eb5d8458) 
thrown [s\src\hotspot\share\interpreter\linkResolver.cpp, line 773]

ZGC Phase Switch (0 events):
No events

VM Operations (4 events):
Event: 0.175 Executing VM operation: HandshakeAllThreads (Deoptimize)
Event: 0.175 Executing VM operation: HandshakeAllThreads (Deoptimize) done
Event: 0.258 Executing VM operation: HandshakeAllThreads (Deoptimize)
Event: 0.258 Executing VM operation: HandshakeAllThreads (Deoptimize) done

Memory protections (0 events):
No events

Nmethod flushes (0 events):
No events

Events (13 events):
Event: 0.094 Thread 0x0000024defd6a920 Thread added: 0x0000024defd6a920
Event: 0.119 Thread 0x0000024defd6a920 Thread added: 0x0000024df527f670
Event: 0.119 Thread 0x0000024defd6a920 Thread added: 0x0000024df5282250
Event: 0.119 Thread 0x0000024defd6a920 Thread added: 0x0000024df528a550
Event: 0.119 Thread 0x0000024defd6a920 Thread added: 0x0000024df528f360
Event: 0.119 Thread 0x0000024defd6a920 Thread added: 0x0000024df528f9c0
Event: 0.119 Thread 0x0000024defd6a920 Thread added: 0x0000024df5290020
Event: 0.119 Thread 0x0000024defd6a920 Thread added: 0x0000024df5292a70
Event: 0.121 Thread 0x0000024defd6a920 Thread added: 0x0000024dfb008120
Event: 0.149 Thread 0x0000024defd6a920 Thread added: 0x0000024dfb0b8f00
Event: 0.334 Thread 0x0000024dfb008120 Thread added: 0x0000024dfb2f6500
Event: 0.334 Thread 0x0000024dfb008120 Thread added: 0x0000024dfb2f6ba0
Event: 0.459 Thread 0x0000024defd6a920 Thread added: 0x0000024dfb344710


Dynamic libraries:
0x00007ff7eb080000 - 0x00007ff7eb08e000 	c:\Users\Asus\.vscode\extensions\redhat.java-1.39.0-win32-x64\jre\21.0.5-win32-x86_64\bin\java.exe
0x00007ffd31620000 - 0x00007ffd31883000 	C:\WINDOWS\SYSTEM32\ntdll.dll
0x00007ffd30a70000 - 0x00007ffd30b38000 	C:\WINDOWS\System32\KERNEL32.DLL
0x00007ffd2eb90000 - 0x00007ffd2ef42000 	C:\WINDOWS\System32\KERNELBASE.dll
0x00007ffd2ef50000 - 0x00007ffd2f09b000 	C:\WINDOWS\System32\ucrtbase.dll
0x00007ffd283b0000 - 0x00007ffd283ce000 	c:\Users\Asus\.vscode\extensions\redhat.java-1.39.0-win32-x64\jre\21.0.5-win32-x86_64\bin\VCRUNTIME140.dll
0x00007ffd264b0000 - 0x00007ffd264c8000 	c:\Users\Asus\.vscode\extensions\redhat.java-1.39.0-win32-x64\jre\21.0.5-win32-x86_64\bin\jli.dll
0x00007ffd30230000 - 0x00007ffd303f8000 	C:\WINDOWS\System32\USER32.dll
0x00007ffd15940000 - 0x00007ffd15bd0000 	C:\WINDOWS\WinSxS\amd64_microsoft.windows.common-controls_6595b64144ccf1df_6.0.26100.2454_none_3e0b68a2e331ad60\COMCTL32.dll
0x00007ffd2e9f0000 - 0x00007ffd2ea17000 	C:\WINDOWS\System32\win32u.dll
0x00007ffd312f0000 - 0x00007ffd31399000 	C:\WINDOWS\System32\msvcrt.dll
0x00007ffd30400000 - 0x00007ffd3042a000 	C:\WINDOWS\System32\GDI32.dll
0x00007ffd2f350000 - 0x00007ffd2f47b000 	C:\WINDOWS\System32\gdi32full.dll
0x00007ffd2ea20000 - 0x00007ffd2eac3000 	C:\WINDOWS\System32\msvcp_win.dll
0x00007ffd30da0000 - 0x00007ffd30dcf000 	C:\WINDOWS\System32\IMM32.DLL
0x00007ffd2b770000 - 0x00007ffd2b77c000 	c:\Users\Asus\.vscode\extensions\redhat.java-1.39.0-win32-x64\jre\21.0.5-win32-x86_64\bin\vcruntime140_1.dll
0x00007ffce6f50000 - 0x00007ffce6fdd000 	c:\Users\Asus\.vscode\extensions\redhat.java-1.39.0-win32-x64\jre\21.0.5-win32-x86_64\bin\msvcp140.dll
0x00007ffca3600000 - 0x00007ffca438f000 	c:\Users\Asus\.vscode\extensions\redhat.java-1.39.0-win32-x64\jre\21.0.5-win32-x86_64\bin\server\jvm.dll
0x00007ffd311a0000 - 0x00007ffd31254000 	C:\WINDOWS\System32\ADVAPI32.dll
0x00007ffd30b40000 - 0x00007ffd30be6000 	C:\WINDOWS\System32\sechost.dll
0x00007ffd30430000 - 0x00007ffd30546000 	C:\WINDOWS\System32\RPCRT4.dll
0x00007ffd31260000 - 0x00007ffd312d4000 	C:\WINDOWS\System32\WS2_32.dll
0x00007ffd2e3f0000 - 0x00007ffd2e43e000 	C:\WINDOWS\SYSTEM32\POWRPROF.dll
0x00007ffd17de0000 - 0x00007ffd17e16000 	C:\WINDOWS\SYSTEM32\WINMM.dll
0x00007ffd22730000 - 0x00007ffd2273b000 	C:\WINDOWS\SYSTEM32\VERSION.dll
0x00007ffd2e2a0000 - 0x00007ffd2e2b4000 	C:\WINDOWS\SYSTEM32\UMPDC.dll
0x00007ffd2d830000 - 0x00007ffd2d84a000 	C:\WINDOWS\SYSTEM32\kernel.appcore.dll
0x00007ffd29660000 - 0x00007ffd2966a000 	c:\Users\Asus\.vscode\extensions\redhat.java-1.39.0-win32-x64\jre\21.0.5-win32-x86_64\bin\jimage.dll
0x00007ffd2c180000 - 0x00007ffd2c3c1000 	C:\WINDOWS\SYSTEM32\DBGHELP.DLL
0x00007ffd2f480000 - 0x00007ffd2f7fe000 	C:\WINDOWS\System32\combase.dll
0x00007ffd30150000 - 0x00007ffd30226000 	C:\WINDOWS\System32\OLEAUT32.dll
0x00007ffd10130000 - 0x00007ffd10169000 	C:\WINDOWS\SYSTEM32\dbgcore.DLL
0x00007ffd2f0a0000 - 0x00007ffd2f139000 	C:\WINDOWS\System32\bcryptPrimitives.dll
0x00007ffd26520000 - 0x00007ffd2652f000 	c:\Users\Asus\.vscode\extensions\redhat.java-1.39.0-win32-x64\jre\21.0.5-win32-x86_64\bin\instrument.dll
0x00007ffd262a0000 - 0x00007ffd262bf000 	c:\Users\Asus\.vscode\extensions\redhat.java-1.39.0-win32-x64\jre\21.0.5-win32-x86_64\bin\java.dll
0x00007ffd2fa20000 - 0x00007ffd30120000 	C:\WINDOWS\System32\SHELL32.dll
0x00007ffd2c720000 - 0x00007ffd2cf51000 	C:\WINDOWS\SYSTEM32\windows.storage.dll
0x00007ffd31470000 - 0x00007ffd3154a000 	C:\WINDOWS\System32\SHCORE.dll
0x00007ffd309e0000 - 0x00007ffd30a3d000 	C:\WINDOWS\System32\shlwapi.dll
0x00007ffd2e900000 - 0x00007ffd2e92e000 	C:\WINDOWS\SYSTEM32\profapi.dll
0x00007ffd26280000 - 0x00007ffd26298000 	c:\Users\Asus\.vscode\extensions\redhat.java-1.39.0-win32-x64\jre\21.0.5-win32-x86_64\bin\zip.dll
0x00007ffd26440000 - 0x00007ffd26450000 	C:\Users\Asus\.vscode\extensions\redhat.java-1.39.0-win32-x64\jre\21.0.5-win32-x86_64\bin\net.dll
0x00007ffd29b90000 - 0x00007ffd29cb6000 	C:\WINDOWS\SYSTEM32\WINHTTP.dll
0x00007ffd2dd30000 - 0x00007ffd2dd98000 	C:\WINDOWS\system32\mswsock.dll
0x00007ffd244a0000 - 0x00007ffd244b6000 	C:\Users\Asus\.vscode\extensions\redhat.java-1.39.0-win32-x64\jre\21.0.5-win32-x86_64\bin\nio.dll
0x00007ffd26270000 - 0x00007ffd26280000 	c:\Users\Asus\.vscode\extensions\redhat.java-1.39.0-win32-x64\jre\21.0.5-win32-x86_64\bin\verify.dll

dbghelp: loaded successfully - version: 4.0.5 - missing functions: none
symbol engine: initialized successfully - sym options: 0x614 - pdb path: .;c:\Users\Asus\.vscode\extensions\redhat.java-1.39.0-win32-x64\jre\21.0.5-win32-x86_64\bin;C:\WINDOWS\SYSTEM32;C:\WINDOWS\WinSxS\amd64_microsoft.windows.common-controls_6595b64144ccf1df_6.0.26100.2454_none_3e0b68a2e331ad60;c:\Users\Asus\.vscode\extensions\redhat.java-1.39.0-win32-x64\jre\21.0.5-win32-x86_64\bin\server

VM Arguments:
jvm_args: --add-modules=ALL-SYSTEM --add-opens=java.base/java.util=ALL-UNNAMED --add-opens=java.base/java.lang=ALL-UNNAMED --add-opens=java.base/sun.nio.fs=ALL-UNNAMED -Declipse.application=org.eclipse.jdt.ls.core.id1 -Dosgi.bundles.defaultStartLevel=4 -Declipse.product=org.eclipse.jdt.ls.core.product -Djava.import.generatesMetadataFilesAtProjectRoot=false -DDetectVMInstallationsJob.disabled=true -Dfile.encoding=utf8 -XX:+UseParallelGC -XX:GCTimeRatio=4 -XX:AdaptiveSizePolicyWeight=90 -Dsun.zip.disableMemoryMapping=true -Xmx1G -Xms100m -Xlog:disable -javaagent:c:\Users\Asus\.vscode\extensions\redhat.java-1.39.0-win32-x64\lombok\lombok-1.18.34.jar 
java_command: c:\Users\Asus\.vscode\extensions\redhat.java-1.39.0-win32-x64\server\plugins\org.eclipse.equinox.launcher_1.6.900.v20240613-2009.jar -configuration c:\Users\Asus\AppData\Roaming\Code\User\globalStorage\redhat.java\1.39.0\config_ss_win -data c:\Users\Asus\AppData\Roaming\Code\User\workspaceStorage\cc4971f69765495d5069a7ee02c1ab4a\redhat.java\ss_ws --pipe=\\.\pipe\lsp-ac1c90381bfbbef895afb4c85cf8b6b2-sock
java_class_path (initial): c:\Users\Asus\.vscode\extensions\redhat.java-1.39.0-win32-x64\server\plugins\org.eclipse.equinox.launcher_1.6.900.v20240613-2009.jar
Launcher Type: SUN_STANDARD

[Global flags]
    uintx AdaptiveSizePolicyWeight                 = 90                                        {product} {command line}
     intx CICompilerCount                          = 4                                         {product} {ergonomic}
    uintx GCTimeRatio                              = 4                                         {product} {command line}
   size_t InitialHeapSize                          = 104857600                                 {product} {command line}
   size_t MaxHeapSize                              = 1073741824                                {product} {command line}
   size_t MaxNewSize                               = 357564416                                 {product} {ergonomic}
   size_t MinHeapDeltaBytes                        = 524288                                    {product} {ergonomic}
   size_t MinHeapSize                              = 104857600                                 {product} {command line}
   size_t NewSize                                  = 34603008                                  {product} {ergonomic}
    uintx NonNMethodCodeHeapSize                   = 5839372                                {pd product} {ergonomic}
    uintx NonProfiledCodeHeapSize                  = 122909434                              {pd product} {ergonomic}
   size_t OldSize                                  = 70254592                                  {product} {ergonomic}
    uintx ProfiledCodeHeapSize                     = 122909434                              {pd product} {ergonomic}
    uintx ReservedCodeCacheSize                    = 251658240                              {pd product} {ergonomic}
     bool SegmentedCodeCache                       = true                                      {product} {ergonomic}
   size_t SoftMaxHeapSize                          = 1073741824                             {manageable} {ergonomic}
     bool UseCompressedOops                        = true                           {product lp64_product} {ergonomic}
     bool UseLargePagesIndividualAllocation        = false                                  {pd product} {ergonomic}
     bool UseParallelGC                            = true                                      {product} {command line}

Logging:
Log output configuration:
 #0: stdout all=off uptime,level,tags foldmultilines=false
 #1: stderr all=off uptime,level,tags foldmultilines=false

Environment Variables:
JAVA_HOME=C:\Users\Asus\AppData\Local\Programs\Eclipse Adoptium\jdk-17.0.6.10-hotspot\
PATH=C:\Python312\Scripts\;C:\Python312\;C:\Users\Asus\AppData\Local\Programs\Python\Python311\Scripts\;C:\WINDOWS;C:\WINDOWS\System32\Wbem;C:\WINDOWS\System32\WindowsPowerShell\v1.0\;C:\WINDOWS\System32\OpenSSH\;C:\MinGW\bin;C:\Program Files (x86)\Microsoft SQL Server\160\Tools\Binn\;C:\Program Files\Microsoft SQL Server\160\Tools\Binn\;C:\Program Files\Microsoft SQL Server\Client SDK\ODBC\170\Tools\Binn\;C:\Program Files\Microsoft SQL Server\160\DTS\Binn\;C:\Program Files\Azure Data Studio\bin;C:\Program Files\Git\cmd;C:\Users\Asus\AppData\Local\Programs\Python\Python311\Scripts;C:\Users\Asus\AppData\Local\Programs\Python\Python311\;C:\Users\Asus\AppData\Local\Programs\Python\Python311\Scripts;C:\Users\Asus\AppData\Local\Programs\Python\Python311\Scripts;C:\Users\Asus\AppData\Local\Programs\Python\Python311\;C:\;C:\ProgramData\chocolatey\bin;C:\Program Files\MongoDB\Server\8.0\bin;C:\Program Files\MongoDB\Server\8.0\bin;C:\Users\Asus\AppData\Local\Programs\Eclipse Adoptium\jdk-17.0.6.10-hotspot\bin;C:\Users\Asus\AppData\Local\Programs\Python\Python311\Scripts\;C:\Users\Asus\AppData\Local\Programs\Python\Python311\;C:\Users\Asus\AppData\Local\Microsoft\WindowsApps;C:\Program Files\JetBrains\PyCharm Community Edition 2022.3.2\bin;;C:\Program Files\Azure Data Studio\bin;C:\Users\Asus\AppData\Local\GitHubDesktop\bin;C:\Users\Asus\Downloads\apache-maven-4.0.0-rc-1-bin\apache-maven-4.0.0-rc-1;C:\Users\Asus\AppData\Roaming\npm;C:\Users\Asus\AppData\Roaming\Python\Python312\Scripts;C:\Users\Asus\Desktop\Microsoft VS Code\bin
USERNAME=Asus
OS=Windows_NT
PROCESSOR_IDENTIFIER=Intel64 Family 6 Model 140 Stepping 1, GenuineIntel
TMP=C:\Users\Asus\AppData\Local\Temp
TEMP=C:\Users\Asus\AppData\Local\Temp




Periodic native trim disabled

---------------  S Y S T E M  ---------------

OS:
 Windows 11 , 64 bit Build 26100 (10.0.26100.2454)
OS uptime: 5 days 3:57 hours

CPU: total 8 (initial active 8) (4 cores per cpu, 2 threads per core) family 6 model 140 stepping 1 microcode 0x86, cx8, cmov, fxsr, ht, mmx, 3dnowpref, sse, sse2, sse3, ssse3, sse4.1, sse4.2, popcnt, lzcnt, tsc, tscinvbit, avx, avx2, aes, erms, clmul, bmi1, bmi2, adx, avx512f, avx512dq, avx512cd, avx512bw, avx512vl, sha, fma, vzeroupper, avx512_vpopcntdq, avx512_vpclmulqdq, avx512_vaes, avx512_vnni, clflush, clflushopt, clwb, avx512_vbmi2, avx512_vbmi, rdtscp, rdpid, fsrm, gfni, avx512_bitalg, f16c, pku, cet_ibt, cet_ss, avx512_ifma
Processor Information for processor 0
  Max Mhz: 2419, Current Mhz: 1007, Mhz Limit: 2419
Processor Information for processor 1
  Max Mhz: 2419, Current Mhz: 2419, Mhz Limit: 2419
Processor Information for processor 2
  Max Mhz: 2419, Current Mhz: 2419, Mhz Limit: 2419
Processor Information for processor 3
  Max Mhz: 2419, Current Mhz: 2419, Mhz Limit: 2419
Processor Information for processor 4
  Max Mhz: 2419, Current Mhz: 2419, Mhz Limit: 2419
Processor Information for processor 5
  Max Mhz: 2419, Current Mhz: 2419, Mhz Limit: 2419
Processor Information for processor 6
  Max Mhz: 2419, Current Mhz: 2419, Mhz Limit: 2419
Processor Information for processor 7
  Max Mhz: 2419, Current Mhz: 1007, Mhz Limit: 2419

Memory: 4k page, system-wide physical 7886M (655M free)
TotalPageFile size 13549M (AvailPageFile size 11M)
current process WorkingSet (physical memory assigned to process): 62M, peak: 63M
current process commit charge ("private bytes"): 197M, peak: 199M

vm_info: OpenJDK 64-Bit Server VM (21.0.5+11-LTS) for windows-amd64 JRE (21.0.5+11-LTS), built on 2024-10-15T00:00:00Z by "admin" with MS VC++ 17.7 (VS2022)

END.
